{"/Users/armando_reyes/Herd/qrmadearmando/resources/js/components/error-boundary.tsx": {"path":"/Users/armando_reyes/Herd/qrmadearmando/resources/js/components/error-boundary.tsx","statementMap":{"0":{"start":{"line":90,"column":19},"end":{"line":92,"column":null}},"1":{"start":{"line":97,"column":18},"end":{"line":103,"column":null}},"2":{"start":{"line":46,"column":8},"end":{"line":46,"column":null}},"3":{"start":{"line":47,"column":8},"end":{"line":51,"column":null}},"4":{"start":{"line":59,"column":8},"end":{"line":62,"column":null}},"5":{"start":{"line":70,"column":8},"end":{"line":72,"column":null}},"6":{"start":{"line":75,"column":8},"end":{"line":81,"column":null}},"7":{"start":{"line":76,"column":12},"end":{"line":76,"column":null}},"8":{"start":{"line":77,"column":12},"end":{"line":77,"column":null}},"9":{"start":{"line":78,"column":12},"end":{"line":78,"column":null}},"10":{"start":{"line":79,"column":12},"end":{"line":79,"column":null}},"11":{"start":{"line":80,"column":12},"end":{"line":80,"column":null}},"12":{"start":{"line":91,"column":8},"end":{"line":91,"column":null}},"13":{"start":{"line":98,"column":8},"end":{"line":102,"column":null}},"14":{"start":{"line":106,"column":47},"end":{"line":106,"column":null}},"15":{"start":{"line":107,"column":39},"end":{"line":107,"column":null}},"16":{"start":{"line":109,"column":8},"end":{"line":216,"column":null}},"17":{"start":{"line":111,"column":12},"end":{"line":113,"column":null}},"18":{"start":{"line":112,"column":16},"end":{"line":112,"column":null}},"19":{"start":{"line":116,"column":12},"end":{"line":214,"column":null}},"20":{"start":{"line":218,"column":8},"end":{"line":218,"column":null}}},"fnMap":{"0":{"name":"(anonymous_0)","decl":{"start":{"line":45,"column":4},"end":{"line":45,"column":16}},"loc":{"start":{"line":45,"column":30},"end":{"line":52,"column":null}},"line":45},"1":{"name":"(anonymous_1)","decl":{"start":{"line":58,"column":11},"end":{"line":58,"column":36}},"loc":{"start":{"line":58,"column":66},"end":{"line":63,"column":null}},"line":58},"2":{"name":"(anonymous_2)","decl":{"start":{"line":69,"column":4},"end":{"line":69,"column":22}},"loc":{"start":{"line":69,"column":64},"end":{"line":85,"column":null}},"line":69},"3":{"name":"(anonymous_3)","decl":{"start":{"line":90,"column":19},"end":{"line":90,"column":31}},"loc":{"start":{"line":90,"column":31},"end":{"line":92,"column":null}},"line":90},"4":{"name":"(anonymous_4)","decl":{"start":{"line":97,"column":18},"end":{"line":97,"column":30}},"loc":{"start":{"line":97,"column":30},"end":{"line":103,"column":null}},"line":97},"5":{"name":"(anonymous_5)","decl":{"start":{"line":105,"column":4},"end":{"line":105,"column":24}},"loc":{"start":{"line":105,"column":24},"end":{"line":219,"column":null}},"line":105}},"branchMap":{"0":{"loc":{"start":{"line":75,"column":8},"end":{"line":81,"column":null}},"type":"if","locations":[{"start":{"line":75,"column":8},"end":{"line":81,"column":null}},{"start":{},"end":{}}],"line":75},"1":{"loc":{"start":{"line":109,"column":8},"end":{"line":216,"column":null}},"type":"if","locations":[{"start":{"line":109,"column":8},"end":{"line":216,"column":null}},{"start":{},"end":{}}],"line":109},"2":{"loc":{"start":{"line":111,"column":12},"end":{"line":113,"column":null}},"type":"if","locations":[{"start":{"line":111,"column":12},"end":{"line":113,"column":null}},{"start":{},"end":{}}],"line":111},"3":{"loc":{"start":{"line":146,"column":29},"end":{"line":183,"column":null}},"type":"binary-expr","locations":[{"start":{"line":146,"column":29},"end":{"line":146,"column":38}},{"start":{"line":146,"column":38},"end":{"line":146,"column":null}},{"start":{"line":147,"column":32},"end":{"line":183,"column":null}}],"line":146},"4":{"loc":{"start":{"line":161,"column":41},"end":{"line":169,"column":null}},"type":"binary-expr","locations":[{"start":{"line":161,"column":41},"end":{"line":161,"column":null}},{"start":{"line":162,"column":44},"end":{"line":169,"column":null}}],"line":161},"5":{"loc":{"start":{"line":172,"column":41},"end":{"line":180,"column":null}},"type":"binary-expr","locations":[{"start":{"line":172,"column":41},"end":{"line":172,"column":null}},{"start":{"line":173,"column":44},"end":{"line":180,"column":null}}],"line":172},"6":{"loc":{"start":{"line":187,"column":29},"end":{"line":191,"column":null}},"type":"binary-expr","locations":[{"start":{"line":187,"column":29},"end":{"line":187,"column":null}},{"start":{"line":188,"column":32},"end":{"line":191,"column":null}}],"line":187},"7":{"loc":{"start":{"line":196,"column":29},"end":{"line":203,"column":null}},"type":"binary-expr","locations":[{"start":{"line":196,"column":29},"end":{"line":196,"column":null}},{"start":{"line":197,"column":32},"end":{"line":203,"column":null}}],"line":196}},"s":{"0":1,"1":0,"2":17,"3":17,"4":14,"5":7,"6":7,"7":7,"8":7,"9":7,"10":7,"11":7,"12":1,"13":0,"14":37,"15":37,"16":37,"17":21,"18":3,"19":18,"20":16},"f":{"0":17,"1":16,"2":7,"3":1,"4":0,"5":37},"b":{"0":[7,0],"1":[21,16],"2":[3,18],"3":[18,18,18],"4":[18,18],"5":[18,6],"6":[21,0],"7":[21,18]},"meta":{"lastBranch":8,"lastFunction":6,"lastStatement":21,"seen":{"s:90:19:92:Infinity":0,"s:97:18:103:Infinity":1,"f:45:4:45:16":0,"s:46:8:46:Infinity":2,"s:47:8:51:Infinity":3,"f:58:11:58:36":1,"s:59:8:62:Infinity":4,"f:69:4:69:22":2,"s:70:8:72:Infinity":5,"b:75:8:81:Infinity:undefined:undefined:undefined:undefined":0,"s:75:8:81:Infinity":6,"s:76:12:76:Infinity":7,"s:77:12:77:Infinity":8,"s:78:12:78:Infinity":9,"s:79:12:79:Infinity":10,"s:80:12:80:Infinity":11,"f:90:19:90:31":3,"s:91:8:91:Infinity":12,"f:97:18:97:30":4,"s:98:8:102:Infinity":13,"f:105:4:105:24":5,"s:106:47:106:Infinity":14,"s:107:39:107:Infinity":15,"b:109:8:216:Infinity:undefined:undefined:undefined:undefined":1,"s:109:8:216:Infinity":16,"b:111:12:113:Infinity:undefined:undefined:undefined:undefined":2,"s:111:12:113:Infinity":17,"s:112:16:112:Infinity":18,"s:116:12:214:Infinity":19,"b:146:29:146:38:146:38:146:Infinity:147:32:183:Infinity":3,"b:161:41:161:Infinity:162:44:169:Infinity":4,"b:172:41:172:Infinity:173:44:180:Infinity":5,"b:187:29:187:Infinity:188:32:191:Infinity":6,"b:196:29:196:Infinity:197:32:203:Infinity":7,"s:218:8:218:Infinity":20}}}
,"/Users/armando_reyes/Herd/qrmadearmando/resources/js/components/notification-bell.tsx": {"path":"/Users/armando_reyes/Herd/qrmadearmando/resources/js/components/notification-bell.tsx","statementMap":{"0":{"start":{"line":25,"column":4},"end":{"line":25,"column":null}},"1":{"start":{"line":26,"column":34},"end":{"line":26,"column":null}},"2":{"start":{"line":29,"column":4},"end":{"line":35,"column":null}},"3":{"start":{"line":30,"column":8},"end":{"line":34,"column":null}},"4":{"start":{"line":31,"column":12},"end":{"line":31,"column":null}},"5":{"start":{"line":32,"column":26},"end":{"line":32,"column":null}},"6":{"start":{"line":32,"column":43},"end":{"line":32,"column":64}},"7":{"start":{"line":33,"column":12},"end":{"line":33,"column":null}},"8":{"start":{"line":33,"column":25},"end":{"line":33,"column":null}},"9":{"start":{"line":37,"column":4},"end":{"line":39,"column":null}},"10":{"start":{"line":38,"column":8},"end":{"line":38,"column":null}},"11":{"start":{"line":41,"column":25},"end":{"line":51,"column":null}},"12":{"start":{"line":42,"column":8},"end":{"line":50,"column":null}},"13":{"start":{"line":43,"column":12},"end":{"line":47,"column":null}},"14":{"start":{"line":44,"column":16},"end":{"line":44,"column":null}},"15":{"start":{"line":46,"column":16},"end":{"line":46,"column":null}},"16":{"start":{"line":54,"column":21},"end":{"line":54,"column":null}},"17":{"start":{"line":55,"column":4},"end":{"line":57,"column":null}},"18":{"start":{"line":56,"column":8},"end":{"line":56,"column":null}},"19":{"start":{"line":59,"column":24},"end":{"line":61,"column":null}},"20":{"start":{"line":63,"column":4},"end":{"line":101,"column":null}}},"fnMap":{"0":{"name":"NotificationBell","decl":{"start":{"line":17,"column":16},"end":{"line":17,"column":33}},"loc":{"start":{"line":17,"column":76},"end":{"line":103,"column":null}},"line":17},"1":{"name":"(anonymous_1)","decl":{"start":{"line":29,"column":14},"end":{"line":29,"column":20}},"loc":{"start":{"line":29,"column":20},"end":{"line":35,"column":7}},"line":29},"2":{"name":"(anonymous_2)","decl":{"start":{"line":32,"column":37},"end":{"line":32,"column":43}},"loc":{"start":{"line":32,"column":43},"end":{"line":32,"column":64}},"line":32},"3":{"name":"(anonymous_3)","decl":{"start":{"line":33,"column":19},"end":{"line":33,"column":25}},"loc":{"start":{"line":33,"column":25},"end":{"line":33,"column":null}},"line":33},"4":{"name":"(anonymous_4)","decl":{"start":{"line":41,"column":25},"end":{"line":41,"column":37}},"loc":{"start":{"line":41,"column":37},"end":{"line":51,"column":null}},"line":41}},"branchMap":{"0":{"loc":{"start":{"line":17,"column":35},"end":{"line":17,"column":50}},"type":"default-arg","locations":[{"start":{"line":17,"column":47},"end":{"line":17,"column":50}}],"line":17},"1":{"loc":{"start":{"line":30,"column":8},"end":{"line":34,"column":null}},"type":"if","locations":[{"start":{"line":30,"column":8},"end":{"line":34,"column":null}},{"start":{},"end":{}}],"line":30},"2":{"loc":{"start":{"line":37,"column":4},"end":{"line":39,"column":null}},"type":"if","locations":[{"start":{"line":37,"column":4},"end":{"line":39,"column":null}},{"start":{},"end":{}}],"line":37},"3":{"loc":{"start":{"line":43,"column":12},"end":{"line":47,"column":null}},"type":"if","locations":[{"start":{"line":43,"column":12},"end":{"line":47,"column":null}},{"start":{"line":45,"column":19},"end":{"line":47,"column":null}}],"line":43},"4":{"loc":{"start":{"line":55,"column":4},"end":{"line":57,"column":null}},"type":"if","locations":[{"start":{"line":55,"column":4},"end":{"line":57,"column":null}},{"start":{},"end":{}}],"line":55},"5":{"loc":{"start":{"line":56,"column":21},"end":{"line":56,"column":null}},"type":"cond-expr","locations":[{"start":{"line":56,"column":36},"end":{"line":56,"column":53}},{"start":{"line":56,"column":53},"end":{"line":56,"column":null}}],"line":56},"6":{"loc":{"start":{"line":59,"column":24},"end":{"line":61,"column":null}},"type":"cond-expr","locations":[{"start":{"line":60,"column":10},"end":{"line":60,"column":null}},{"start":{"line":61,"column":10},"end":{"line":61,"column":null}}],"line":59},"7":{"loc":{"start":{"line":84,"column":29},"end":{"line":85,"column":null}},"type":"binary-expr","locations":[{"start":{"line":84,"column":29},"end":{"line":84,"column":null}},{"start":{"line":85,"column":32},"end":{"line":85,"column":null}}],"line":84},"8":{"loc":{"start":{"line":96,"column":13},"end":{"line":99,"column":null}},"type":"binary-expr","locations":[{"start":{"line":96,"column":13},"end":{"line":96,"column":26}},{"start":{"line":96,"column":26},"end":{"line":96,"column":null}},{"start":{"line":97,"column":16},"end":{"line":99,"column":null}}],"line":96}},"s":{"0":21,"1":21,"2":21,"3":18,"4":2,"5":2,"6":0,"7":2,"8":2,"9":21,"10":1,"11":20,"12":0,"13":0,"14":0,"15":0,"16":20,"17":20,"18":17,"19":20,"20":21},"f":{"0":21,"1":18,"2":0,"3":2,"4":0},"b":{"0":[21],"1":[2,16],"2":[1,20],"3":[0,0],"4":[17,3],"5":[4,13],"6":[4,16],"7":[21,3],"8":[21,2,2]},"meta":{"lastBranch":9,"lastFunction":5,"lastStatement":21,"seen":{"f:17:16:17:33":0,"b:17:47:17:50":0,"s:25:4:25:Infinity":0,"s:26:34:26:Infinity":1,"s:29:4:35:Infinity":2,"f:29:14:29:20":1,"b:30:8:34:Infinity:undefined:undefined:undefined:undefined":1,"s:30:8:34:Infinity":3,"s:31:12:31:Infinity":4,"s:32:26:32:Infinity":5,"f:32:37:32:43":2,"s:32:43:32:64":6,"s:33:12:33:Infinity":7,"f:33:19:33:25":3,"s:33:25:33:Infinity":8,"b:37:4:39:Infinity:undefined:undefined:undefined:undefined":2,"s:37:4:39:Infinity":9,"s:38:8:38:Infinity":10,"s:41:25:51:Infinity":11,"f:41:25:41:37":4,"s:42:8:50:Infinity":12,"b:43:12:47:Infinity:45:19:47:Infinity":3,"s:43:12:47:Infinity":13,"s:44:16:44:Infinity":14,"s:46:16:46:Infinity":15,"s:54:21:54:Infinity":16,"b:55:4:57:Infinity:undefined:undefined:undefined:undefined":4,"s:55:4:57:Infinity":17,"s:56:8:56:Infinity":18,"b:56:36:56:53:56:53:56:Infinity":5,"s:59:24:61:Infinity":19,"b:60:10:60:Infinity:61:10:61:Infinity":6,"s:63:4:101:Infinity":20,"b:84:29:84:Infinity:85:32:85:Infinity":7,"b:96:13:96:26:96:26:96:Infinity:97:16:99:Infinity":8}}}
,"/Users/armando_reyes/Herd/qrmadearmando/resources/js/components/ui/alert.tsx": {"path":"/Users/armando_reyes/Herd/qrmadearmando/resources/js/components/ui/alert.tsx","statementMap":{"0":{"start":{"line":6,"column":6},"end":{"line":20,"column":null}},"1":{"start":{"line":27,"column":2},"end":{"line":33,"column":null}},"2":{"start":{"line":38,"column":2},"end":{"line":46,"column":null}},"3":{"start":{"line":54,"column":2},"end":{"line":62,"column":null}}},"fnMap":{"0":{"name":"Alert","decl":{"start":{"line":22,"column":9},"end":{"line":22,"column":15}},"loc":{"start":{"line":26,"column":69},"end":{"line":35,"column":null}},"line":26},"1":{"name":"AlertTitle","decl":{"start":{"line":37,"column":9},"end":{"line":37,"column":20}},"loc":{"start":{"line":37,"column":74},"end":{"line":48,"column":null}},"line":37},"2":{"name":"AlertDescription","decl":{"start":{"line":50,"column":9},"end":{"line":50,"column":26}},"loc":{"start":{"line":53,"column":32},"end":{"line":64,"column":null}},"line":53}},"branchMap":{},"s":{"0":1,"1":18,"2":0,"3":18},"f":{"0":18,"1":0,"2":18},"b":{},"meta":{"lastBranch":0,"lastFunction":3,"lastStatement":4,"seen":{"s:6:6:20:Infinity":0,"f:22:9:22:15":0,"s:27:2:33:Infinity":1,"f:37:9:37:20":1,"s:38:2:46:Infinity":2,"f:50:9:50:26":2,"s:54:2:62:Infinity":3}}}
,"/Users/armando_reyes/Herd/qrmadearmando/resources/js/components/ui/button.tsx": {"path":"/Users/armando_reyes/Herd/qrmadearmando/resources/js/components/ui/button.tsx","statementMap":{"0":{"start":{"line":7,"column":6},"end":{"line":35,"column":null}},"1":{"start":{"line":47,"column":15},"end":{"line":47,"column":null}},"2":{"start":{"line":49,"column":2},"end":{"line":54,"column":null}}},"fnMap":{"0":{"name":"Button","decl":{"start":{"line":37,"column":9},"end":{"line":37,"column":16}},"loc":{"start":{"line":46,"column":5},"end":{"line":56,"column":null}},"line":46}},"branchMap":{"0":{"loc":{"start":{"line":41,"column":2},"end":{"line":41,"column":null}},"type":"default-arg","locations":[{"start":{"line":41,"column":12},"end":{"line":41,"column":null}}],"line":41},"1":{"loc":{"start":{"line":47,"column":15},"end":{"line":47,"column":null}},"type":"cond-expr","locations":[{"start":{"line":47,"column":25},"end":{"line":47,"column":32}},{"start":{"line":47,"column":32},"end":{"line":47,"column":null}}],"line":47}},"s":{"0":1,"1":36,"2":36},"f":{"0":36},"b":{"0":[36],"1":[0,36]},"meta":{"lastBranch":2,"lastFunction":1,"lastStatement":3,"seen":{"s:7:6:35:Infinity":0,"f:37:9:37:16":0,"b:41:12:41:Infinity":0,"s:47:15:47:Infinity":1,"b:47:25:47:32:47:32:47:Infinity":1,"s:49:2:54:Infinity":2}}}
,"/Users/armando_reyes/Herd/qrmadearmando/resources/js/components/ui/card.tsx": {"path":"/Users/armando_reyes/Herd/qrmadearmando/resources/js/components/ui/card.tsx","statementMap":{"0":{"start":{"line":6,"column":2},"end":{"line":14,"column":null}},"1":{"start":{"line":19,"column":2},"end":{"line":24,"column":null}},"2":{"start":{"line":29,"column":2},"end":{"line":34,"column":null}},"3":{"start":{"line":39,"column":2},"end":{"line":44,"column":null}},"4":{"start":{"line":49,"column":2},"end":{"line":54,"column":null}},"5":{"start":{"line":59,"column":2},"end":{"line":64,"column":null}}},"fnMap":{"0":{"name":"Card","decl":{"start":{"line":5,"column":9},"end":{"line":5,"column":14}},"loc":{"start":{"line":5,"column":68},"end":{"line":16,"column":null}},"line":5},"1":{"name":"CardHeader","decl":{"start":{"line":18,"column":9},"end":{"line":18,"column":20}},"loc":{"start":{"line":18,"column":74},"end":{"line":26,"column":null}},"line":18},"2":{"name":"CardTitle","decl":{"start":{"line":28,"column":9},"end":{"line":28,"column":19}},"loc":{"start":{"line":28,"column":73},"end":{"line":36,"column":null}},"line":28},"3":{"name":"CardDescription","decl":{"start":{"line":38,"column":9},"end":{"line":38,"column":25}},"loc":{"start":{"line":38,"column":79},"end":{"line":46,"column":null}},"line":38},"4":{"name":"CardContent","decl":{"start":{"line":48,"column":9},"end":{"line":48,"column":21}},"loc":{"start":{"line":48,"column":75},"end":{"line":56,"column":null}},"line":48},"5":{"name":"CardFooter","decl":{"start":{"line":58,"column":9},"end":{"line":58,"column":20}},"loc":{"start":{"line":58,"column":74},"end":{"line":66,"column":null}},"line":58}},"branchMap":{},"s":{"0":18,"1":18,"2":18,"3":18,"4":18,"5":18},"f":{"0":18,"1":18,"2":18,"3":18,"4":18,"5":18},"b":{},"meta":{"lastBranch":0,"lastFunction":6,"lastStatement":6,"seen":{"f:5:9:5:14":0,"s:6:2:14:Infinity":0,"f:18:9:18:20":1,"s:19:2:24:Infinity":1,"f:28:9:28:19":2,"s:29:2:34:Infinity":2,"f:38:9:38:25":3,"s:39:2:44:Infinity":3,"f:48:9:48:21":4,"s:49:2:54:Infinity":4,"f:58:9:58:20":5,"s:59:2:64:Infinity":5}}}
,"/Users/armando_reyes/Herd/qrmadearmando/resources/js/hooks/use-debit-form.ts": {"path":"/Users/armando_reyes/Herd/qrmadearmando/resources/js/hooks/use-debit-form.ts","statementMap":{"0":{"start":{"line":69,"column":28},"end":{"line":69,"column":null}},"1":{"start":{"line":70,"column":34},"end":{"line":70,"column":null}},"2":{"start":{"line":71,"column":38},"end":{"line":71,"column":null}},"3":{"start":{"line":72,"column":28},"end":{"line":72,"column":null}},"4":{"start":{"line":77,"column":10},"end":{"line":80,"column":null}},"5":{"start":{"line":78,"column":28},"end":{"line":78,"column":null}},"6":{"start":{"line":79,"column":8},"end":{"line":79,"column":null}},"7":{"start":{"line":85,"column":10},"end":{"line":88,"column":null}},"8":{"start":{"line":86,"column":28},"end":{"line":86,"column":null}},"9":{"start":{"line":87,"column":8},"end":{"line":87,"column":null}},"10":{"start":{"line":93,"column":10},"end":{"line":95,"column":null}},"11":{"start":{"line":94,"column":8},"end":{"line":94,"column":null}},"12":{"start":{"line":101,"column":10},"end":{"line":136,"column":null}},"13":{"start":{"line":102,"column":43},"end":{"line":102,"column":null}},"14":{"start":{"line":105,"column":28},"end":{"line":105,"column":null}},"15":{"start":{"line":106,"column":8},"end":{"line":123,"column":null}},"16":{"start":{"line":107,"column":12},"end":{"line":107,"column":null}},"17":{"start":{"line":110,"column":35},"end":{"line":110,"column":null}},"18":{"start":{"line":111,"column":12},"end":{"line":122,"column":null}},"19":{"start":{"line":112,"column":16},"end":{"line":112,"column":null}},"20":{"start":{"line":115,"column":38},"end":{"line":118,"column":null}},"21":{"start":{"line":119,"column":16},"end":{"line":121,"column":null}},"22":{"start":{"line":120,"column":20},"end":{"line":120,"column":null}},"23":{"start":{"line":126,"column":32},"end":{"line":126,"column":null}},"24":{"start":{"line":127,"column":14},"end":{"line":127,"column":null}},"25":{"start":{"line":128,"column":8},"end":{"line":130,"column":null}},"26":{"start":{"line":129,"column":12},"end":{"line":129,"column":null}},"27":{"start":{"line":134,"column":8},"end":{"line":134,"column":null}},"28":{"start":{"line":135,"column":8},"end":{"line":135,"column":null}},"29":{"start":{"line":141,"column":10},"end":{"line":150,"column":null}},"30":{"start":{"line":142,"column":8},"end":{"line":142,"column":null}},"31":{"start":{"line":143,"column":8},"end":{"line":143,"column":null}},"32":{"start":{"line":144,"column":8},"end":{"line":144,"column":null}},"33":{"start":{"line":145,"column":8},"end":{"line":145,"column":null}},"34":{"start":{"line":147,"column":8},"end":{"line":149,"column":null}},"35":{"start":{"line":148,"column":12},"end":{"line":148,"column":null}},"36":{"start":{"line":155,"column":10},"end":{"line":161,"column":null}},"37":{"start":{"line":156,"column":8},"end":{"line":160,"column":null}},"38":{"start":{"line":163,"column":4},"end":{"line":182,"column":null}}},"fnMap":{"0":{"name":"useDebitForm","decl":{"start":{"line":65,"column":16},"end":{"line":65,"column":29}},"loc":{"start":{"line":68,"column":44},"end":{"line":183,"column":null}},"line":68},"1":{"name":"(anonymous_1)","decl":{"start":{"line":77,"column":37},"end":{"line":77,"column":43}},"loc":{"start":{"line":77,"column":43},"end":{"line":80,"column":7}},"line":77},"2":{"name":"(anonymous_2)","decl":{"start":{"line":85,"column":43},"end":{"line":85,"column":49}},"loc":{"start":{"line":85,"column":49},"end":{"line":88,"column":7}},"line":85},"3":{"name":"(anonymous_3)","decl":{"start":{"line":93,"column":28},"end":{"line":93,"column":34}},"loc":{"start":{"line":93,"column":34},"end":{"line":95,"column":7}},"line":93},"4":{"name":"(anonymous_4)","decl":{"start":{"line":101,"column":37},"end":{"line":101,"column":52}},"loc":{"start":{"line":101,"column":52},"end":{"line":136,"column":7}},"line":101},"5":{"name":"(anonymous_5)","decl":{"start":{"line":141,"column":30},"end":{"line":141,"column":36}},"loc":{"start":{"line":141,"column":36},"end":{"line":150,"column":7}},"line":141},"6":{"name":"(anonymous_6)","decl":{"start":{"line":155,"column":36},"end":{"line":155,"column":57}},"loc":{"start":{"line":155,"column":57},"end":{"line":161,"column":7}},"line":155}},"branchMap":{"0":{"loc":{"start":{"line":78,"column":39},"end":{"line":78,"column":52}},"type":"binary-expr","locations":[{"start":{"line":78,"column":39},"end":{"line":78,"column":49}},{"start":{"line":78,"column":49},"end":{"line":78,"column":52}}],"line":78},"1":{"loc":{"start":{"line":86,"column":39},"end":{"line":86,"column":52}},"type":"binary-expr","locations":[{"start":{"line":86,"column":39},"end":{"line":86,"column":49}},{"start":{"line":86,"column":49},"end":{"line":86,"column":52}}],"line":86},"2":{"loc":{"start":{"line":106,"column":8},"end":{"line":123,"column":null}},"type":"if","locations":[{"start":{"line":106,"column":8},"end":{"line":123,"column":null}},{"start":{"line":108,"column":15},"end":{"line":123,"column":null}}],"line":106},"3":{"loc":{"start":{"line":106,"column":12},"end":{"line":106,"column":43}},"type":"binary-expr","locations":[{"start":{"line":106,"column":12},"end":{"line":106,"column":23}},{"start":{"line":106,"column":23},"end":{"line":106,"column":43}}],"line":106},"4":{"loc":{"start":{"line":111,"column":12},"end":{"line":122,"column":null}},"type":"if","locations":[{"start":{"line":111,"column":12},"end":{"line":122,"column":null}},{"start":{"line":113,"column":19},"end":{"line":122,"column":null}}],"line":111},"5":{"loc":{"start":{"line":119,"column":16},"end":{"line":121,"column":null}},"type":"if","locations":[{"start":{"line":119,"column":16},"end":{"line":121,"column":null}},{"start":{},"end":{}}],"line":119},"6":{"loc":{"start":{"line":128,"column":8},"end":{"line":130,"column":null}},"type":"if","locations":[{"start":{"line":128,"column":8},"end":{"line":130,"column":null}},{"start":{},"end":{}}],"line":128},"7":{"loc":{"start":{"line":147,"column":8},"end":{"line":149,"column":null}},"type":"if","locations":[{"start":{"line":147,"column":8},"end":{"line":149,"column":null}},{"start":{},"end":{}}],"line":147},"8":{"loc":{"start":{"line":159,"column":25},"end":{"line":159,"column":null}},"type":"binary-expr","locations":[{"start":{"line":159,"column":25},"end":{"line":159,"column":47}},{"start":{"line":159,"column":47},"end":{"line":159,"column":null}}],"line":159}},"s":{"0":62,"1":62,"2":62,"3":62,"4":62,"5":46,"6":46,"7":62,"8":46,"9":46,"10":62,"11":42,"12":62,"13":15,"14":15,"15":15,"16":2,"17":13,"18":13,"19":2,"20":11,"21":11,"22":3,"23":15,"24":15,"25":15,"26":3,"27":15,"28":15,"29":62,"30":2,"31":2,"32":2,"33":2,"34":2,"35":1,"36":62,"37":2,"38":62},"f":{"0":62,"1":46,"2":46,"3":42,"4":15,"5":2,"6":2},"b":{"0":[46,26],"1":[46,26],"2":[2,13],"3":[15,13],"4":[2,11],"5":[3,8],"6":[3,12],"7":[1,1],"8":[2,1]},"meta":{"lastBranch":9,"lastFunction":7,"lastStatement":39,"seen":{"f:65:16:65:29":0,"s:69:28:69:Infinity":0,"s:70:34:70:Infinity":1,"s:71:38:71:Infinity":2,"s:72:28:72:Infinity":3,"s:77:10:80:Infinity":4,"f:77:37:77:43":1,"s:78:28:78:Infinity":5,"b:78:39:78:49:78:49:78:52":0,"s:79:8:79:Infinity":6,"s:85:10:88:Infinity":7,"f:85:43:85:49":2,"s:86:28:86:Infinity":8,"b:86:39:86:49:86:49:86:52":1,"s:87:8:87:Infinity":9,"s:93:10:95:Infinity":10,"f:93:28:93:34":3,"s:94:8:94:Infinity":11,"s:101:10:136:Infinity":12,"f:101:37:101:52":4,"s:102:43:102:Infinity":13,"s:105:28:105:Infinity":14,"b:106:8:123:Infinity:108:15:123:Infinity":2,"s:106:8:123:Infinity":15,"b:106:12:106:23:106:23:106:43":3,"s:107:12:107:Infinity":16,"s:110:35:110:Infinity":17,"b:111:12:122:Infinity:113:19:122:Infinity":4,"s:111:12:122:Infinity":18,"s:112:16:112:Infinity":19,"s:115:38:118:Infinity":20,"b:119:16:121:Infinity:undefined:undefined:undefined:undefined":5,"s:119:16:121:Infinity":21,"s:120:20:120:Infinity":22,"s:126:32:126:Infinity":23,"s:127:14:127:Infinity":24,"b:128:8:130:Infinity:undefined:undefined:undefined:undefined":6,"s:128:8:130:Infinity":25,"s:129:12:129:Infinity":26,"s:134:8:134:Infinity":27,"s:135:8:135:Infinity":28,"s:141:10:150:Infinity":29,"f:141:30:141:36":5,"s:142:8:142:Infinity":30,"s:143:8:143:Infinity":31,"s:144:8:144:Infinity":32,"s:145:8:145:Infinity":33,"b:147:8:149:Infinity:undefined:undefined:undefined:undefined":7,"s:147:8:149:Infinity":34,"s:148:12:148:Infinity":35,"s:155:10:161:Infinity":36,"f:155:36:155:57":6,"s:156:8:160:Infinity":37,"b:159:25:159:47:159:47:159:Infinity":8,"s:163:4:182:Infinity":38}}}
,"/Users/armando_reyes/Herd/qrmadearmando/resources/js/hooks/use-push-notifications.ts": {"path":"/Users/armando_reyes/Herd/qrmadearmando/resources/js/hooks/use-push-notifications.ts","statementMap":{"0":{"start":{"line":14,"column":20},"end":{"line":14,"column":null}},"1":{"start":{"line":15,"column":10},"end":{"line":17,"column":null}},"2":{"start":{"line":18,"column":20},"end":{"line":18,"column":null}},"3":{"start":{"line":19,"column":24},"end":{"line":19,"column":null}},"4":{"start":{"line":21,"column":4},"end":{"line":23,"column":null}},"5":{"start":{"line":21,"column":17},"end":{"line":21,"column":20}},"6":{"start":{"line":22,"column":8},"end":{"line":22,"column":null}},"7":{"start":{"line":25,"column":4},"end":{"line":25,"column":null}},"8":{"start":{"line":29,"column":40},"end":{"line":29,"column":null}},"9":{"start":{"line":30,"column":34},"end":{"line":30,"column":null}},"10":{"start":{"line":31,"column":26},"end":{"line":31,"column":null}},"11":{"start":{"line":32,"column":36},"end":{"line":33,"column":null}},"12":{"start":{"line":36,"column":8},"end":{"line":39,"column":null}},"13":{"start":{"line":42,"column":4},"end":{"line":68,"column":null}},"14":{"start":{"line":43,"column":8},"end":{"line":43,"column":null}},"15":{"start":{"line":43,"column":26},"end":{"line":43,"column":null}},"16":{"start":{"line":45,"column":39},"end":{"line":65,"column":null}},"17":{"start":{"line":46,"column":12},"end":{"line":64,"column":null}},"18":{"start":{"line":48,"column":37},"end":{"line":48,"column":null}},"19":{"start":{"line":50,"column":20},"end":{"line":50,"column":null}},"20":{"start":{"line":52,"column":16},"end":{"line":52,"column":null}},"21":{"start":{"line":53,"column":16},"end":{"line":53,"column":null}},"22":{"start":{"line":56,"column":41},"end":{"line":58,"column":null}},"23":{"start":{"line":59,"column":16},"end":{"line":61,"column":null}},"24":{"start":{"line":60,"column":20},"end":{"line":60,"column":null}},"25":{"start":{"line":67,"column":8},"end":{"line":67,"column":null}},"26":{"start":{"line":70,"column":22},"end":{"line":186,"column":null}},"27":{"start":{"line":71,"column":8},"end":{"line":78,"column":null}},"28":{"start":{"line":72,"column":12},"end":{"line":76,"column":null}},"29":{"start":{"line":77,"column":12},"end":{"line":77,"column":null}},"30":{"start":{"line":80,"column":8},"end":{"line":80,"column":null}},"31":{"start":{"line":81,"column":8},"end":{"line":81,"column":null}},"32":{"start":{"line":83,"column":8},"end":{"line":185,"column":null}},"33":{"start":{"line":85,"column":31},"end":{"line":85,"column":null}},"34":{"start":{"line":86,"column":12},"end":{"line":86,"column":null}},"35":{"start":{"line":87,"column":12},"end":{"line":87,"column":null}},"36":{"start":{"line":89,"column":12},"end":{"line":93,"column":null}},"37":{"start":{"line":90,"column":16},"end":{"line":90,"column":null}},"38":{"start":{"line":91,"column":16},"end":{"line":91,"column":null}},"39":{"start":{"line":92,"column":16},"end":{"line":92,"column":null}},"40":{"start":{"line":96,"column":35},"end":{"line":96,"column":null}},"41":{"start":{"line":97,"column":12},"end":{"line":99,"column":null}},"42":{"start":{"line":98,"column":16},"end":{"line":98,"column":null}},"43":{"start":{"line":102,"column":33},"end":{"line":102,"column":null}},"44":{"start":{"line":105,"column":33},"end":{"line":110,"column":null}},"45":{"start":{"line":113,"column":27},"end":{"line":113,"column":null}},"46":{"start":{"line":114,"column":32},"end":{"line":114,"column":null}},"47":{"start":{"line":115,"column":27},"end":{"line":115,"column":null}},"48":{"start":{"line":117,"column":12},"end":{"line":176,"column":null}},"49":{"start":{"line":118,"column":16},"end":{"line":175,"column":null}},"50":{"start":{"line":119,"column":37},"end":{"line":151,"column":null}},"51":{"start":{"line":153,"column":20},"end":{"line":161,"column":null}},"52":{"start":{"line":154,"column":24},"end":{"line":159,"column":null}},"53":{"start":{"line":156,"column":28},"end":{"line":156,"column":null}},"54":{"start":{"line":157,"column":28},"end":{"line":157,"column":null}},"55":{"start":{"line":158,"column":28},"end":{"line":158,"column":null}},"56":{"start":{"line":160,"column":24},"end":{"line":160,"column":null}},"57":{"start":{"line":163,"column":20},"end":{"line":163,"column":null}},"58":{"start":{"line":164,"column":20},"end":{"line":164,"column":null}},"59":{"start":{"line":165,"column":20},"end":{"line":165,"column":null}},"60":{"start":{"line":167,"column":20},"end":{"line":167,"column":null}},"61":{"start":{"line":168,"column":20},"end":{"line":174,"column":null}},"62":{"start":{"line":169,"column":24},"end":{"line":171,"column":null}},"63":{"start":{"line":170,"column":28},"end":{"line":170,"column":null}},"64":{"start":{"line":173,"column":24},"end":{"line":173,"column":null}},"65":{"start":{"line":179,"column":16},"end":{"line":181,"column":null}},"66":{"start":{"line":182,"column":12},"end":{"line":182,"column":null}},"67":{"start":{"line":183,"column":12},"end":{"line":183,"column":null}},"68":{"start":{"line":184,"column":12},"end":{"line":184,"column":null}},"69":{"start":{"line":188,"column":24},"end":{"line":244,"column":null}},"70":{"start":{"line":189,"column":8},"end":{"line":196,"column":null}},"71":{"start":{"line":190,"column":12},"end":{"line":194,"column":null}},"72":{"start":{"line":195,"column":12},"end":{"line":195,"column":null}},"73":{"start":{"line":198,"column":8},"end":{"line":198,"column":null}},"74":{"start":{"line":199,"column":8},"end":{"line":199,"column":null}},"75":{"start":{"line":201,"column":8},"end":{"line":243,"column":null}},"76":{"start":{"line":203,"column":33},"end":{"line":203,"column":null}},"77":{"start":{"line":205,"column":16},"end":{"line":205,"column":null}},"78":{"start":{"line":207,"column":12},"end":{"line":211,"column":null}},"79":{"start":{"line":208,"column":16},"end":{"line":208,"column":null}},"80":{"start":{"line":209,"column":16},"end":{"line":209,"column":null}},"81":{"start":{"line":210,"column":16},"end":{"line":210,"column":null}},"82":{"start":{"line":214,"column":29},"end":{"line":224,"column":null}},"83":{"start":{"line":226,"column":12},"end":{"line":228,"column":null}},"84":{"start":{"line":227,"column":16},"end":{"line":227,"column":null}},"85":{"start":{"line":231,"column":12},"end":{"line":231,"column":null}},"86":{"start":{"line":232,"column":12},"end":{"line":232,"column":null}},"87":{"start":{"line":233,"column":12},"end":{"line":233,"column":null}},"88":{"start":{"line":236,"column":16},"end":{"line":240,"column":null}},"89":{"start":{"line":241,"column":12},"end":{"line":241,"column":null}},"90":{"start":{"line":242,"column":12},"end":{"line":242,"column":null}},"91":{"start":{"line":246,"column":4},"end":{"line":254,"column":null}}},"fnMap":{"0":{"name":"urlBase64ToUint8Array","decl":{"start":{"line":13,"column":9},"end":{"line":13,"column":31}},"loc":{"start":{"line":13,"column":65},"end":{"line":26,"column":null}},"line":13},"1":{"name":"usePushNotifications","decl":{"start":{"line":28,"column":16},"end":{"line":28,"column":67}},"loc":{"start":{"line":28,"column":67},"end":{"line":255,"column":null}},"line":28},"2":{"name":"(anonymous_2)","decl":{"start":{"line":42,"column":14},"end":{"line":42,"column":20}},"loc":{"start":{"line":42,"column":20},"end":{"line":68,"column":7}},"line":42},"3":{"name":"(anonymous_3)","decl":{"start":{"line":45,"column":39},"end":{"line":45,"column":51}},"loc":{"start":{"line":45,"column":51},"end":{"line":65,"column":null}},"line":45},"4":{"name":"(anonymous_4)","decl":{"start":{"line":70,"column":22},"end":{"line":70,"column":34}},"loc":{"start":{"line":70,"column":34},"end":{"line":186,"column":null}},"line":70},"5":{"name":"(anonymous_5)","decl":{"start":{"line":169,"column":42},"end":{"line":169,"column":43}},"loc":{"start":{"line":170,"column":28},"end":{"line":170,"column":null}},"line":170},"6":{"name":"(anonymous_6)","decl":{"start":{"line":188,"column":24},"end":{"line":188,"column":36}},"loc":{"start":{"line":188,"column":36},"end":{"line":244,"column":null}},"line":188}},"branchMap":{"0":{"loc":{"start":{"line":36,"column":8},"end":{"line":39,"column":null}},"type":"binary-expr","locations":[{"start":{"line":36,"column":8},"end":{"line":36,"column":null}},{"start":{"line":37,"column":8},"end":{"line":37,"column":null}},{"start":{"line":38,"column":8},"end":{"line":38,"column":null}},{"start":{"line":39,"column":8},"end":{"line":39,"column":null}}],"line":36},"1":{"loc":{"start":{"line":43,"column":8},"end":{"line":43,"column":null}},"type":"if","locations":[{"start":{"line":43,"column":8},"end":{"line":43,"column":null}},{"start":{},"end":{}}],"line":43},"2":{"loc":{"start":{"line":59,"column":16},"end":{"line":61,"column":null}},"type":"if","locations":[{"start":{"line":59,"column":16},"end":{"line":61,"column":null}},{"start":{},"end":{}}],"line":59},"3":{"loc":{"start":{"line":71,"column":8},"end":{"line":78,"column":null}},"type":"if","locations":[{"start":{"line":71,"column":8},"end":{"line":78,"column":null}},{"start":{},"end":{}}],"line":71},"4":{"loc":{"start":{"line":89,"column":12},"end":{"line":93,"column":null}},"type":"if","locations":[{"start":{"line":89,"column":12},"end":{"line":93,"column":null}},{"start":{},"end":{}}],"line":89},"5":{"loc":{"start":{"line":97,"column":12},"end":{"line":99,"column":null}},"type":"if","locations":[{"start":{"line":97,"column":12},"end":{"line":99,"column":null}},{"start":{},"end":{}}],"line":97},"6":{"loc":{"start":{"line":128,"column":39},"end":{"line":138,"column":null}},"type":"cond-expr","locations":[{"start":{"line":129,"column":34},"end":{"line":137,"column":null}},{"start":{"line":138,"column":34},"end":{"line":138,"column":null}}],"line":128},"7":{"loc":{"start":{"line":133,"column":46},"end":{"line":134,"column":null}},"type":"binary-expr","locations":[{"start":{"line":133,"column":46},"end":{"line":133,"column":null}},{"start":{"line":134,"column":50},"end":{"line":134,"column":null}}],"line":133},"8":{"loc":{"start":{"line":139,"column":39},"end":{"line":149,"column":null}},"type":"cond-expr","locations":[{"start":{"line":140,"column":34},"end":{"line":148,"column":null}},{"start":{"line":149,"column":34},"end":{"line":149,"column":null}}],"line":139},"9":{"loc":{"start":{"line":144,"column":46},"end":{"line":145,"column":null}},"type":"binary-expr","locations":[{"start":{"line":144,"column":46},"end":{"line":144,"column":null}},{"start":{"line":145,"column":50},"end":{"line":145,"column":null}}],"line":144},"10":{"loc":{"start":{"line":153,"column":20},"end":{"line":161,"column":null}},"type":"if","locations":[{"start":{"line":153,"column":20},"end":{"line":161,"column":null}},{"start":{},"end":{}}],"line":153},"11":{"loc":{"start":{"line":154,"column":24},"end":{"line":159,"column":null}},"type":"if","locations":[{"start":{"line":154,"column":24},"end":{"line":159,"column":null}},{"start":{},"end":{}}],"line":154},"12":{"loc":{"start":{"line":168,"column":20},"end":{"line":174,"column":null}},"type":"if","locations":[{"start":{"line":168,"column":20},"end":{"line":174,"column":null}},{"start":{"line":172,"column":27},"end":{"line":174,"column":null}}],"line":168},"13":{"loc":{"start":{"line":179,"column":16},"end":{"line":181,"column":null}},"type":"cond-expr","locations":[{"start":{"line":180,"column":22},"end":{"line":180,"column":null}},{"start":{"line":181,"column":22},"end":{"line":181,"column":null}}],"line":179},"14":{"loc":{"start":{"line":189,"column":8},"end":{"line":196,"column":null}},"type":"if","locations":[{"start":{"line":189,"column":8},"end":{"line":196,"column":null}},{"start":{},"end":{}}],"line":189},"15":{"loc":{"start":{"line":207,"column":12},"end":{"line":211,"column":null}},"type":"if","locations":[{"start":{"line":207,"column":12},"end":{"line":211,"column":null}},{"start":{},"end":{}}],"line":207},"16":{"loc":{"start":{"line":226,"column":12},"end":{"line":228,"column":null}},"type":"if","locations":[{"start":{"line":226,"column":12},"end":{"line":228,"column":null}},{"start":{},"end":{}}],"line":226},"17":{"loc":{"start":{"line":226,"column":16},"end":{"line":226,"column":57}},"type":"binary-expr","locations":[{"start":{"line":226,"column":16},"end":{"line":226,"column":32}},{"start":{"line":226,"column":32},"end":{"line":226,"column":57}}],"line":226},"18":{"loc":{"start":{"line":236,"column":16},"end":{"line":240,"column":null}},"type":"cond-expr","locations":[{"start":{"line":237,"column":22},"end":{"line":237,"column":null}},{"start":{"line":238,"column":22},"end":{"line":240,"column":null}}],"line":236}},"s":{"0":2,"1":2,"2":2,"3":2,"4":2,"5":2,"6":130,"7":2,"8":28,"9":28,"10":28,"11":28,"12":28,"13":28,"14":16,"15":4,"16":12,"17":12,"18":12,"19":12,"20":12,"21":12,"22":12,"23":12,"24":7,"25":12,"26":28,"27":8,"28":2,"29":2,"30":6,"31":6,"32":6,"33":6,"34":6,"35":6,"36":6,"37":4,"38":4,"39":4,"40":2,"41":8,"42":0,"43":2,"44":2,"45":2,"46":2,"47":2,"48":2,"49":4,"50":4,"51":1,"52":0,"53":0,"54":0,"55":0,"56":0,"57":1,"58":1,"59":1,"60":3,"61":3,"62":2,"63":2,"64":1,"65":1,"66":1,"67":1,"68":1,"69":28,"70":3,"71":1,"72":1,"73":2,"74":2,"75":2,"76":2,"77":2,"78":2,"79":2,"80":2,"81":2,"82":0,"83":0,"84":0,"85":0,"86":0,"87":0,"88":0,"89":0,"90":0,"91":28},"f":{"0":2,"1":28,"2":16,"3":12,"4":8,"5":2,"6":3},"b":{"0":[28,28,28,21],"1":[4,12],"2":[7,5],"3":[2,6],"4":[4,2],"5":[0,8],"6":[4,0],"7":[4,0],"8":[4,0],"9":[4,0],"10":[0,1],"11":[0,0],"12":[2,1],"13":[1,0],"14":[1,2],"15":[2,0],"16":[0,0],"17":[0,0],"18":[0,0]},"meta":{"lastBranch":19,"lastFunction":7,"lastStatement":92,"seen":{"f:13:9:13:31":0,"s:14:20:14:Infinity":0,"s:15:10:17:Infinity":1,"s:18:20:18:Infinity":2,"s:19:24:19:Infinity":3,"s:21:4:23:Infinity":4,"s:21:17:21:20":5,"s:22:8:22:Infinity":6,"s:25:4:25:Infinity":7,"f:28:16:28:67":1,"s:29:40:29:Infinity":8,"s:30:34:30:Infinity":9,"s:31:26:31:Infinity":10,"s:32:36:33:Infinity":11,"s:36:8:39:Infinity":12,"b:36:8:36:Infinity:37:8:37:Infinity:38:8:38:Infinity:39:8:39:Infinity":0,"s:42:4:68:Infinity":13,"f:42:14:42:20":2,"b:43:8:43:Infinity:undefined:undefined:undefined:undefined":1,"s:43:8:43:Infinity":14,"s:43:26:43:Infinity":15,"s:45:39:65:Infinity":16,"f:45:39:45:51":3,"s:46:12:64:Infinity":17,"s:48:37:48:Infinity":18,"s:50:20:50:Infinity":19,"s:52:16:52:Infinity":20,"s:53:16:53:Infinity":21,"s:56:41:58:Infinity":22,"b:59:16:61:Infinity:undefined:undefined:undefined:undefined":2,"s:59:16:61:Infinity":23,"s:60:20:60:Infinity":24,"s:67:8:67:Infinity":25,"s:70:22:186:Infinity":26,"f:70:22:70:34":4,"b:71:8:78:Infinity:undefined:undefined:undefined:undefined":3,"s:71:8:78:Infinity":27,"s:72:12:76:Infinity":28,"s:77:12:77:Infinity":29,"s:80:8:80:Infinity":30,"s:81:8:81:Infinity":31,"s:83:8:185:Infinity":32,"s:85:31:85:Infinity":33,"s:86:12:86:Infinity":34,"s:87:12:87:Infinity":35,"b:89:12:93:Infinity:undefined:undefined:undefined:undefined":4,"s:89:12:93:Infinity":36,"s:90:16:90:Infinity":37,"s:91:16:91:Infinity":38,"s:92:16:92:Infinity":39,"s:96:35:96:Infinity":40,"b:97:12:99:Infinity:undefined:undefined:undefined:undefined":5,"s:97:12:99:Infinity":41,"s:98:16:98:Infinity":42,"s:102:33:102:Infinity":43,"s:105:33:110:Infinity":44,"s:113:27:113:Infinity":45,"s:114:32:114:Infinity":46,"s:115:27:115:Infinity":47,"s:117:12:176:Infinity":48,"s:118:16:175:Infinity":49,"s:119:37:151:Infinity":50,"b:129:34:137:Infinity:138:34:138:Infinity":6,"b:133:46:133:Infinity:134:50:134:Infinity":7,"b:140:34:148:Infinity:149:34:149:Infinity":8,"b:144:46:144:Infinity:145:50:145:Infinity":9,"b:153:20:161:Infinity:undefined:undefined:undefined:undefined":10,"s:153:20:161:Infinity":51,"b:154:24:159:Infinity:undefined:undefined:undefined:undefined":11,"s:154:24:159:Infinity":52,"s:156:28:156:Infinity":53,"s:157:28:157:Infinity":54,"s:158:28:158:Infinity":55,"s:160:24:160:Infinity":56,"s:163:20:163:Infinity":57,"s:164:20:164:Infinity":58,"s:165:20:165:Infinity":59,"s:167:20:167:Infinity":60,"b:168:20:174:Infinity:172:27:174:Infinity":12,"s:168:20:174:Infinity":61,"s:169:24:171:Infinity":62,"f:169:42:169:43":5,"s:170:28:170:Infinity":63,"s:173:24:173:Infinity":64,"s:179:16:181:Infinity":65,"b:180:22:180:Infinity:181:22:181:Infinity":13,"s:182:12:182:Infinity":66,"s:183:12:183:Infinity":67,"s:184:12:184:Infinity":68,"s:188:24:244:Infinity":69,"f:188:24:188:36":6,"b:189:8:196:Infinity:undefined:undefined:undefined:undefined":14,"s:189:8:196:Infinity":70,"s:190:12:194:Infinity":71,"s:195:12:195:Infinity":72,"s:198:8:198:Infinity":73,"s:199:8:199:Infinity":74,"s:201:8:243:Infinity":75,"s:203:33:203:Infinity":76,"s:205:16:205:Infinity":77,"b:207:12:211:Infinity:undefined:undefined:undefined:undefined":15,"s:207:12:211:Infinity":78,"s:208:16:208:Infinity":79,"s:209:16:209:Infinity":80,"s:210:16:210:Infinity":81,"s:214:29:224:Infinity":82,"b:226:12:228:Infinity:undefined:undefined:undefined:undefined":16,"s:226:12:228:Infinity":83,"b:226:16:226:32:226:32:226:57":17,"s:227:16:227:Infinity":84,"s:231:12:231:Infinity":85,"s:232:12:232:Infinity":86,"s:233:12:233:Infinity":87,"s:236:16:240:Infinity":88,"b:237:22:237:Infinity:238:22:240:Infinity":18,"s:241:12:241:Infinity":89,"s:242:12:242:Infinity":90,"s:246:4:254:Infinity":91}}}
,"/Users/armando_reyes/Herd/qrmadearmando/resources/js/hooks/use-pwa-install.ts": {"path":"/Users/armando_reyes/Herd/qrmadearmando/resources/js/hooks/use-pwa-install.ts","statementMap":{"0":{"start":{"line":16,"column":22},"end":{"line":16,"column":null}},"1":{"start":{"line":17,"column":27},"end":{"line":17,"column":null}},"2":{"start":{"line":20,"column":36},"end":{"line":20,"column":null}},"3":{"start":{"line":21,"column":38},"end":{"line":21,"column":null}},"4":{"start":{"line":22,"column":44},"end":{"line":23,"column":null}},"5":{"start":{"line":26,"column":8},"end":{"line":26,"column":null}},"6":{"start":{"line":29,"column":24},"end":{"line":37,"column":null}},"7":{"start":{"line":30,"column":35},"end":{"line":30,"column":null}},"8":{"start":{"line":31,"column":8},"end":{"line":31,"column":null}},"9":{"start":{"line":31,"column":33},"end":{"line":31,"column":null}},"10":{"start":{"line":33,"column":20},"end":{"line":33,"column":null}},"11":{"start":{"line":34,"column":30},"end":{"line":34,"column":null}},"12":{"start":{"line":36,"column":8},"end":{"line":36,"column":null}},"13":{"start":{"line":40,"column":27},"end":{"line":47,"column":null}},"14":{"start":{"line":41,"column":8},"end":{"line":41,"column":null}},"15":{"start":{"line":41,"column":43},"end":{"line":41,"column":null}},"16":{"start":{"line":43,"column":8},"end":{"line":45,"column":null}},"17":{"start":{"line":50,"column":4},"end":{"line":85,"column":null}},"18":{"start":{"line":51,"column":8},"end":{"line":51,"column":null}},"19":{"start":{"line":51,"column":26},"end":{"line":51,"column":null}},"20":{"start":{"line":53,"column":8},"end":{"line":53,"column":null}},"21":{"start":{"line":56,"column":42},"end":{"line":64,"column":null}},"22":{"start":{"line":57,"column":12},"end":{"line":57,"column":null}},"23":{"start":{"line":58,"column":12},"end":{"line":58,"column":null}},"24":{"start":{"line":61,"column":12},"end":{"line":63,"column":null}},"25":{"start":{"line":62,"column":16},"end":{"line":62,"column":null}},"26":{"start":{"line":67,"column":35},"end":{"line":70,"column":null}},"27":{"start":{"line":68,"column":12},"end":{"line":68,"column":null}},"28":{"start":{"line":69,"column":12},"end":{"line":69,"column":null}},"29":{"start":{"line":72,"column":8},"end":{"line":75,"column":null}},"30":{"start":{"line":76,"column":8},"end":{"line":76,"column":null}},"31":{"start":{"line":78,"column":8},"end":{"line":84,"column":null}},"32":{"start":{"line":79,"column":12},"end":{"line":82,"column":null}},"33":{"start":{"line":83,"column":12},"end":{"line":83,"column":null}},"34":{"start":{"line":87,"column":20},"end":{"line":113,"column":null}},"35":{"start":{"line":88,"column":8},"end":{"line":90,"column":null}},"36":{"start":{"line":89,"column":12},"end":{"line":89,"column":null}},"37":{"start":{"line":92,"column":8},"end":{"line":112,"column":null}},"38":{"start":{"line":94,"column":12},"end":{"line":94,"column":null}},"39":{"start":{"line":97,"column":32},"end":{"line":97,"column":null}},"40":{"start":{"line":99,"column":12},"end":{"line":106,"column":null}},"41":{"start":{"line":100,"column":16},"end":{"line":100,"column":null}},"42":{"start":{"line":101,"column":16},"end":{"line":101,"column":null}},"43":{"start":{"line":104,"column":16},"end":{"line":104,"column":null}},"44":{"start":{"line":105,"column":16},"end":{"line":105,"column":null}},"45":{"start":{"line":109,"column":12},"end":{"line":109,"column":null}},"46":{"start":{"line":111,"column":12},"end":{"line":111,"column":null}},"47":{"start":{"line":115,"column":20},"end":{"line":118,"column":null}},"48":{"start":{"line":116,"column":8},"end":{"line":116,"column":null}},"49":{"start":{"line":117,"column":8},"end":{"line":117,"column":null}},"50":{"start":{"line":120,"column":4},"end":{"line":126,"column":null}}},"fnMap":{"0":{"name":"usePwaInstall","decl":{"start":{"line":19,"column":16},"end":{"line":19,"column":53}},"loc":{"start":{"line":19,"column":53},"end":{"line":127,"column":null}},"line":19},"1":{"name":"(anonymous_1)","decl":{"start":{"line":29,"column":24},"end":{"line":29,"column":39}},"loc":{"start":{"line":29,"column":39},"end":{"line":37,"column":null}},"line":29},"2":{"name":"(anonymous_2)","decl":{"start":{"line":40,"column":27},"end":{"line":40,"column":42}},"loc":{"start":{"line":40,"column":42},"end":{"line":47,"column":null}},"line":40},"3":{"name":"(anonymous_3)","decl":{"start":{"line":50,"column":14},"end":{"line":50,"column":20}},"loc":{"start":{"line":50,"column":20},"end":{"line":85,"column":7}},"line":50},"4":{"name":"(anonymous_4)","decl":{"start":{"line":56,"column":42},"end":{"line":56,"column":43}},"loc":{"start":{"line":56,"column":60},"end":{"line":64,"column":null}},"line":56},"5":{"name":"(anonymous_5)","decl":{"start":{"line":67,"column":35},"end":{"line":67,"column":41}},"loc":{"start":{"line":67,"column":41},"end":{"line":70,"column":null}},"line":67},"6":{"name":"(anonymous_6)","decl":{"start":{"line":78,"column":15},"end":{"line":78,"column":21}},"loc":{"start":{"line":78,"column":21},"end":{"line":84,"column":null}},"line":78},"7":{"name":"(anonymous_7)","decl":{"start":{"line":87,"column":20},"end":{"line":87,"column":32}},"loc":{"start":{"line":87,"column":32},"end":{"line":113,"column":null}},"line":87},"8":{"name":"(anonymous_8)","decl":{"start":{"line":115,"column":20},"end":{"line":115,"column":26}},"loc":{"start":{"line":115,"column":26},"end":{"line":118,"column":null}},"line":115}},"branchMap":{"0":{"loc":{"start":{"line":26,"column":8},"end":{"line":26,"column":null}},"type":"binary-expr","locations":[{"start":{"line":26,"column":8},"end":{"line":26,"column":41}},{"start":{"line":26,"column":41},"end":{"line":26,"column":null}}],"line":26},"1":{"loc":{"start":{"line":31,"column":8},"end":{"line":31,"column":null}},"type":"if","locations":[{"start":{"line":31,"column":8},"end":{"line":31,"column":null}},{"start":{},"end":{}}],"line":31},"2":{"loc":{"start":{"line":41,"column":8},"end":{"line":41,"column":null}},"type":"if","locations":[{"start":{"line":41,"column":8},"end":{"line":41,"column":null}},{"start":{},"end":{}}],"line":41},"3":{"loc":{"start":{"line":44,"column":12},"end":{"line":45,"column":null}},"type":"binary-expr","locations":[{"start":{"line":44,"column":12},"end":{"line":44,"column":null}},{"start":{"line":45,"column":13},"end":{"line":45,"column":null}}],"line":44},"4":{"loc":{"start":{"line":51,"column":8},"end":{"line":51,"column":null}},"type":"if","locations":[{"start":{"line":51,"column":8},"end":{"line":51,"column":null}},{"start":{},"end":{}}],"line":51},"5":{"loc":{"start":{"line":61,"column":12},"end":{"line":63,"column":null}},"type":"if","locations":[{"start":{"line":61,"column":12},"end":{"line":63,"column":null}},{"start":{},"end":{}}],"line":61},"6":{"loc":{"start":{"line":61,"column":16},"end":{"line":61,"column":53}},"type":"binary-expr","locations":[{"start":{"line":61,"column":16},"end":{"line":61,"column":34}},{"start":{"line":61,"column":34},"end":{"line":61,"column":53}}],"line":61},"7":{"loc":{"start":{"line":88,"column":8},"end":{"line":90,"column":null}},"type":"if","locations":[{"start":{"line":88,"column":8},"end":{"line":90,"column":null}},{"start":{},"end":{}}],"line":88},"8":{"loc":{"start":{"line":99,"column":12},"end":{"line":106,"column":null}},"type":"if","locations":[{"start":{"line":99,"column":12},"end":{"line":106,"column":null}},{"start":{"line":102,"column":19},"end":{"line":106,"column":null}}],"line":99},"9":{"loc":{"start":{"line":121,"column":20},"end":{"line":121,"column":null}},"type":"binary-expr","locations":[{"start":{"line":121,"column":20},"end":{"line":121,"column":34}},{"start":{"line":121,"column":34},"end":{"line":121,"column":52}},{"start":{"line":121,"column":52},"end":{"line":121,"column":null}}],"line":121}},"s":{"0":1,"1":1,"2":33,"3":33,"4":33,"5":33,"6":33,"7":15,"8":15,"9":11,"10":4,"11":4,"12":4,"13":33,"14":22,"15":0,"16":22,"17":33,"18":16,"19":1,"20":15,"21":15,"22":9,"23":9,"24":9,"25":6,"26":15,"27":1,"28":1,"29":15,"30":15,"31":15,"32":15,"33":15,"34":33,"35":4,"36":1,"37":3,"38":3,"39":3,"40":3,"41":2,"42":2,"43":1,"44":1,"45":3,"46":0,"47":33,"48":3,"49":3,"50":33},"f":{"0":33,"1":15,"2":22,"3":16,"4":9,"5":1,"6":15,"7":4,"8":3},"b":{"0":[33,33],"1":[11,4],"2":[0,22],"3":[22,19],"4":[1,15],"5":[6,3],"6":[9,7],"7":[1,3],"8":[2,1],"9":[33,6,6]},"meta":{"lastBranch":10,"lastFunction":9,"lastStatement":51,"seen":{"s:16:22:16:Infinity":0,"s:17:27:17:Infinity":1,"f:19:16:19:53":0,"s:20:36:20:Infinity":2,"s:21:38:21:Infinity":3,"s:22:44:23:Infinity":4,"s:26:8:26:Infinity":5,"b:26:8:26:41:26:41:26:Infinity":0,"s:29:24:37:Infinity":6,"f:29:24:29:39":1,"s:30:35:30:Infinity":7,"b:31:8:31:Infinity:undefined:undefined:undefined:undefined":1,"s:31:8:31:Infinity":8,"s:31:33:31:Infinity":9,"s:33:20:33:Infinity":10,"s:34:30:34:Infinity":11,"s:36:8:36:Infinity":12,"s:40:27:47:Infinity":13,"f:40:27:40:42":2,"b:41:8:41:Infinity:undefined:undefined:undefined:undefined":2,"s:41:8:41:Infinity":14,"s:41:43:41:Infinity":15,"s:43:8:45:Infinity":16,"b:44:12:44:Infinity:45:13:45:Infinity":3,"s:50:4:85:Infinity":17,"f:50:14:50:20":3,"b:51:8:51:Infinity:undefined:undefined:undefined:undefined":4,"s:51:8:51:Infinity":18,"s:51:26:51:Infinity":19,"s:53:8:53:Infinity":20,"s:56:42:64:Infinity":21,"f:56:42:56:43":4,"s:57:12:57:Infinity":22,"s:58:12:58:Infinity":23,"b:61:12:63:Infinity:undefined:undefined:undefined:undefined":5,"s:61:12:63:Infinity":24,"b:61:16:61:34:61:34:61:53":6,"s:62:16:62:Infinity":25,"s:67:35:70:Infinity":26,"f:67:35:67:41":5,"s:68:12:68:Infinity":27,"s:69:12:69:Infinity":28,"s:72:8:75:Infinity":29,"s:76:8:76:Infinity":30,"s:78:8:84:Infinity":31,"f:78:15:78:21":6,"s:79:12:82:Infinity":32,"s:83:12:83:Infinity":33,"s:87:20:113:Infinity":34,"f:87:20:87:32":7,"b:88:8:90:Infinity:undefined:undefined:undefined:undefined":7,"s:88:8:90:Infinity":35,"s:89:12:89:Infinity":36,"s:92:8:112:Infinity":37,"s:94:12:94:Infinity":38,"s:97:32:97:Infinity":39,"b:99:12:106:Infinity:102:19:106:Infinity":8,"s:99:12:106:Infinity":40,"s:100:16:100:Infinity":41,"s:101:16:101:Infinity":42,"s:104:16:104:Infinity":43,"s:105:16:105:Infinity":44,"s:109:12:109:Infinity":45,"s:111:12:111:Infinity":46,"s:115:20:118:Infinity":47,"f:115:20:115:26":8,"s:116:8:116:Infinity":48,"s:117:8:117:Infinity":49,"s:120:4:126:Infinity":50,"b:121:20:121:34:121:34:121:52:121:52:121:Infinity":9}}}
,"/Users/armando_reyes/Herd/qrmadearmando/resources/js/lib/utils.ts": {"path":"/Users/armando_reyes/Herd/qrmadearmando/resources/js/lib/utils.ts","statementMap":{"0":{"start":{"line":5,"column":4},"end":{"line":5,"column":null}}},"fnMap":{"0":{"name":"cn","decl":{"start":{"line":4,"column":16},"end":{"line":4,"column":22}},"loc":{"start":{"line":4,"column":44},"end":{"line":6,"column":null}},"line":4}},"branchMap":{},"s":{"0":180},"f":{"0":180},"b":{},"meta":{"lastBranch":0,"lastFunction":1,"lastStatement":1,"seen":{"f:4:16:4:22":0,"s:5:4:5:Infinity":0}}}
,"/Users/armando_reyes/Herd/qrmadearmando/resources/js/lib/validation.ts": {"path":"/Users/armando_reyes/Herd/qrmadearmando/resources/js/lib/validation.ts","statementMap":{"0":{"start":{"line":27,"column":32},"end":{"line":69,"column":null}},"1":{"start":{"line":32,"column":8},"end":{"line":32,"column":null}},"2":{"start":{"line":39,"column":8},"end":{"line":39,"column":null}},"3":{"start":{"line":46,"column":8},"end":{"line":46,"column":null}},"4":{"start":{"line":56,"column":8},"end":{"line":58,"column":null}},"5":{"start":{"line":66,"column":25},"end":{"line":66,"column":null}},"6":{"start":{"line":67,"column":8},"end":{"line":67,"column":null}},"7":{"start":{"line":74,"column":32},"end":{"line":109,"column":null}},"8":{"start":{"line":79,"column":8},"end":{"line":79,"column":null}},"9":{"start":{"line":86,"column":8},"end":{"line":86,"column":null}},"10":{"start":{"line":93,"column":8},"end":{"line":93,"column":null}},"11":{"start":{"line":100,"column":8},"end":{"line":100,"column":null}},"12":{"start":{"line":107,"column":8},"end":{"line":107,"column":null}},"13":{"start":{"line":114,"column":31},"end":{"line":133,"column":null}},"14":{"start":{"line":119,"column":29},"end":{"line":119,"column":null}},"15":{"start":{"line":120,"column":8},"end":{"line":120,"column":null}},"16":{"start":{"line":127,"column":23},"end":{"line":127,"column":null}},"17":{"start":{"line":128,"column":8},"end":{"line":130,"column":null}},"18":{"start":{"line":138,"column":35},"end":{"line":156,"column":null}},"19":{"start":{"line":143,"column":8},"end":{"line":143,"column":null}},"20":{"start":{"line":150,"column":33},"end":{"line":150,"column":null}},"21":{"start":{"line":151,"column":8},"end":{"line":153,"column":null}},"22":{"start":{"line":161,"column":30},"end":{"line":189,"column":null}},"23":{"start":{"line":166,"column":20},"end":{"line":166,"column":null}},"24":{"start":{"line":167,"column":8},"end":{"line":167,"column":null}},"25":{"start":{"line":168,"column":8},"end":{"line":168,"column":null}},"26":{"start":{"line":175,"column":20},"end":{"line":175,"column":null}},"27":{"start":{"line":176,"column":8},"end":{"line":176,"column":null}},"28":{"start":{"line":177,"column":8},"end":{"line":177,"column":null}},"29":{"start":{"line":184,"column":8},"end":{"line":186,"column":null}},"30":{"start":{"line":194,"column":33},"end":{"line":221,"column":null}},"31":{"start":{"line":199,"column":8},"end":{"line":201,"column":null}},"32":{"start":{"line":200,"column":12},"end":{"line":200,"column":null}},"33":{"start":{"line":202,"column":8},"end":{"line":204,"column":null}},"34":{"start":{"line":203,"column":12},"end":{"line":203,"column":null}},"35":{"start":{"line":205,"column":8},"end":{"line":207,"column":null}},"36":{"start":{"line":206,"column":12},"end":{"line":206,"column":null}},"37":{"start":{"line":208,"column":8},"end":{"line":208,"column":null}},"38":{"start":{"line":215,"column":8},"end":{"line":218,"column":null}},"39":{"start":{"line":226,"column":24},"end":{"line":246,"column":null}},"40":{"start":{"line":231,"column":8},"end":{"line":235,"column":null}},"41":{"start":{"line":232,"column":12},"end":{"line":234,"column":null}},"42":{"start":{"line":233,"column":16},"end":{"line":233,"column":null}},"43":{"start":{"line":236,"column":8},"end":{"line":236,"column":null}},"44":{"start":{"line":243,"column":25},"end":{"line":243,"column":null}},"45":{"start":{"line":243,"column":54},"end":{"line":243,"column":69}},"46":{"start":{"line":244,"column":8},"end":{"line":244,"column":null}},"47":{"start":{"line":251,"column":26},"end":{"line":259,"column":null}},"48":{"start":{"line":264,"column":23},"end":{"line":266,"column":null}},"49":{"start":{"line":265,"column":4},"end":{"line":265,"column":null}},"50":{"start":{"line":271,"column":24},"end":{"line":273,"column":null}},"51":{"start":{"line":272,"column":4},"end":{"line":272,"column":null}}},"fnMap":{"0":{"name":"(anonymous_0)","decl":{"start":{"line":31,"column":14},"end":{"line":31,"column":15}},"loc":{"start":{"line":31,"column":51},"end":{"line":33,"column":null}},"line":31},"1":{"name":"(anonymous_1)","decl":{"start":{"line":38,"column":9},"end":{"line":38,"column":10}},"loc":{"start":{"line":38,"column":59},"end":{"line":40,"column":null}},"line":38},"2":{"name":"(anonymous_2)","decl":{"start":{"line":45,"column":9},"end":{"line":45,"column":10}},"loc":{"start":{"line":45,"column":59},"end":{"line":47,"column":null}},"line":45},"3":{"name":"(anonymous_3)","decl":{"start":{"line":52,"column":19},"end":{"line":52,"column":null}},"loc":{"start":{"line":55,"column":27},"end":{"line":60,"column":null}},"line":55},"4":{"name":"(anonymous_4)","decl":{"start":{"line":65,"column":19},"end":{"line":65,"column":20}},"loc":{"start":{"line":65,"column":56},"end":{"line":68,"column":null}},"line":65},"5":{"name":"(anonymous_5)","decl":{"start":{"line":78,"column":14},"end":{"line":78,"column":15}},"loc":{"start":{"line":78,"column":51},"end":{"line":80,"column":null}},"line":78},"6":{"name":"(anonymous_6)","decl":{"start":{"line":85,"column":15},"end":{"line":85,"column":16}},"loc":{"start":{"line":85,"column":65},"end":{"line":87,"column":null}},"line":85},"7":{"name":"(anonymous_7)","decl":{"start":{"line":92,"column":15},"end":{"line":92,"column":16}},"loc":{"start":{"line":92,"column":65},"end":{"line":94,"column":null}},"line":92},"8":{"name":"(anonymous_8)","decl":{"start":{"line":99,"column":17},"end":{"line":99,"column":18}},"loc":{"start":{"line":99,"column":70},"end":{"line":101,"column":null}},"line":99},"9":{"name":"(anonymous_9)","decl":{"start":{"line":106,"column":13},"end":{"line":106,"column":14}},"loc":{"start":{"line":106,"column":84},"end":{"line":108,"column":null}},"line":106},"10":{"name":"(anonymous_10)","decl":{"start":{"line":118,"column":12},"end":{"line":118,"column":13}},"loc":{"start":{"line":118,"column":49},"end":{"line":121,"column":null}},"line":118},"11":{"name":"(anonymous_11)","decl":{"start":{"line":126,"column":12},"end":{"line":126,"column":13}},"loc":{"start":{"line":126,"column":75},"end":{"line":132,"column":null}},"line":126},"12":{"name":"(anonymous_12)","decl":{"start":{"line":142,"column":14},"end":{"line":142,"column":15}},"loc":{"start":{"line":142,"column":51},"end":{"line":144,"column":null}},"line":142},"13":{"name":"(anonymous_13)","decl":{"start":{"line":149,"column":12},"end":{"line":149,"column":13}},"loc":{"start":{"line":149,"column":49},"end":{"line":155,"column":null}},"line":149},"14":{"name":"(anonymous_14)","decl":{"start":{"line":165,"column":13},"end":{"line":165,"column":14}},"loc":{"start":{"line":165,"column":48},"end":{"line":169,"column":null}},"line":165},"15":{"name":"(anonymous_15)","decl":{"start":{"line":174,"column":15},"end":{"line":174,"column":16}},"loc":{"start":{"line":174,"column":50},"end":{"line":178,"column":null}},"line":174},"16":{"name":"(anonymous_16)","decl":{"start":{"line":183,"column":11},"end":{"line":183,"column":12}},"loc":{"start":{"line":183,"column":68},"end":{"line":188,"column":null}},"line":183},"17":{"name":"(anonymous_17)","decl":{"start":{"line":198,"column":14},"end":{"line":198,"column":15}},"loc":{"start":{"line":198,"column":48},"end":{"line":209,"column":null}},"line":198},"18":{"name":"(anonymous_18)","decl":{"start":{"line":214,"column":11},"end":{"line":214,"column":12}},"loc":{"start":{"line":214,"column":79},"end":{"line":220,"column":null}},"line":214},"19":{"name":"(anonymous_19)","decl":{"start":{"line":230,"column":9},"end":{"line":230,"column":13}},"loc":{"start":{"line":230,"column":67},"end":{"line":237,"column":null}},"line":230},"20":{"name":"(anonymous_20)","decl":{"start":{"line":242,"column":9},"end":{"line":242,"column":13}},"loc":{"start":{"line":242,"column":67},"end":{"line":245,"column":null}},"line":242},"21":{"name":"(anonymous_21)","decl":{"start":{"line":243,"column":42},"end":{"line":243,"column":43}},"loc":{"start":{"line":243,"column":54},"end":{"line":243,"column":69}},"line":243},"22":{"name":"(anonymous_22)","decl":{"start":{"line":264,"column":23},"end":{"line":264,"column":24}},"loc":{"start":{"line":264,"column":69},"end":{"line":266,"column":null}},"line":264},"23":{"name":"(anonymous_23)","decl":{"start":{"line":271,"column":24},"end":{"line":271,"column":25}},"loc":{"start":{"line":271,"column":69},"end":{"line":273,"column":null}},"line":271}},"branchMap":{"0":{"loc":{"start":{"line":32,"column":15},"end":{"line":32,"column":null}},"type":"binary-expr","locations":[{"start":{"line":32,"column":15},"end":{"line":32,"column":28}},{"start":{"line":32,"column":28},"end":{"line":32,"column":null}}],"line":32},"1":{"loc":{"start":{"line":39,"column":15},"end":{"line":39,"column":null}},"type":"binary-expr","locations":[{"start":{"line":39,"column":15},"end":{"line":39,"column":31}},{"start":{"line":39,"column":31},"end":{"line":39,"column":null}}],"line":39},"2":{"loc":{"start":{"line":46,"column":15},"end":{"line":46,"column":null}},"type":"binary-expr","locations":[{"start":{"line":46,"column":15},"end":{"line":46,"column":31}},{"start":{"line":46,"column":31},"end":{"line":46,"column":null}}],"line":46},"3":{"loc":{"start":{"line":57,"column":12},"end":{"line":58,"column":null}},"type":"binary-expr","locations":[{"start":{"line":57,"column":12},"end":{"line":57,"column":null}},{"start":{"line":58,"column":12},"end":{"line":58,"column":null}}],"line":57},"4":{"loc":{"start":{"line":66,"column":25},"end":{"line":66,"column":null}},"type":"binary-expr","locations":[{"start":{"line":66,"column":25},"end":{"line":66,"column":67}},{"start":{"line":66,"column":67},"end":{"line":66,"column":null}}],"line":66},"5":{"loc":{"start":{"line":67,"column":15},"end":{"line":67,"column":null}},"type":"binary-expr","locations":[{"start":{"line":67,"column":15},"end":{"line":67,"column":32}},{"start":{"line":67,"column":32},"end":{"line":67,"column":null}}],"line":67},"6":{"loc":{"start":{"line":79,"column":15},"end":{"line":79,"column":null}},"type":"binary-expr","locations":[{"start":{"line":79,"column":15},"end":{"line":79,"column":33}},{"start":{"line":79,"column":33},"end":{"line":79,"column":null}}],"line":79},"7":{"loc":{"start":{"line":86,"column":15},"end":{"line":86,"column":null}},"type":"binary-expr","locations":[{"start":{"line":86,"column":15},"end":{"line":86,"column":38}},{"start":{"line":86,"column":38},"end":{"line":86,"column":null}}],"line":86},"8":{"loc":{"start":{"line":93,"column":15},"end":{"line":93,"column":null}},"type":"binary-expr","locations":[{"start":{"line":93,"column":15},"end":{"line":93,"column":38}},{"start":{"line":93,"column":38},"end":{"line":93,"column":null}}],"line":93},"9":{"loc":{"start":{"line":100,"column":15},"end":{"line":100,"column":null}},"type":"binary-expr","locations":[{"start":{"line":100,"column":15},"end":{"line":100,"column":42}},{"start":{"line":100,"column":42},"end":{"line":100,"column":null}}],"line":100},"10":{"loc":{"start":{"line":107,"column":15},"end":{"line":107,"column":null}},"type":"binary-expr","locations":[{"start":{"line":107,"column":15},"end":{"line":107,"column":38}},{"start":{"line":107,"column":38},"end":{"line":107,"column":null}}],"line":107},"11":{"loc":{"start":{"line":120,"column":15},"end":{"line":120,"column":null}},"type":"binary-expr","locations":[{"start":{"line":120,"column":15},"end":{"line":120,"column":43}},{"start":{"line":120,"column":43},"end":{"line":120,"column":null}}],"line":120},"12":{"loc":{"start":{"line":129,"column":12},"end":{"line":130,"column":null}},"type":"binary-expr","locations":[{"start":{"line":129,"column":12},"end":{"line":129,"column":null}},{"start":{"line":130,"column":12},"end":{"line":130,"column":null}}],"line":129},"13":{"loc":{"start":{"line":143,"column":15},"end":{"line":143,"column":null}},"type":"binary-expr","locations":[{"start":{"line":143,"column":15},"end":{"line":143,"column":33}},{"start":{"line":143,"column":33},"end":{"line":143,"column":null}}],"line":143},"14":{"loc":{"start":{"line":152,"column":12},"end":{"line":153,"column":null}},"type":"binary-expr","locations":[{"start":{"line":152,"column":12},"end":{"line":152,"column":null}},{"start":{"line":153,"column":12},"end":{"line":153,"column":null}}],"line":152},"15":{"loc":{"start":{"line":168,"column":15},"end":{"line":168,"column":null}},"type":"binary-expr","locations":[{"start":{"line":168,"column":15},"end":{"line":168,"column":31}},{"start":{"line":168,"column":31},"end":{"line":168,"column":null}}],"line":168},"16":{"loc":{"start":{"line":177,"column":15},"end":{"line":177,"column":null}},"type":"binary-expr","locations":[{"start":{"line":177,"column":15},"end":{"line":177,"column":31}},{"start":{"line":177,"column":31},"end":{"line":177,"column":null}}],"line":177},"17":{"loc":{"start":{"line":185,"column":13},"end":{"line":186,"column":null}},"type":"binary-expr","locations":[{"start":{"line":185,"column":13},"end":{"line":185,"column":29}},{"start":{"line":185,"column":29},"end":{"line":185,"column":null}},{"start":{"line":186,"column":12},"end":{"line":186,"column":null}}],"line":185},"18":{"loc":{"start":{"line":199,"column":8},"end":{"line":201,"column":null}},"type":"if","locations":[{"start":{"line":199,"column":8},"end":{"line":201,"column":null}},{"start":{},"end":{}}],"line":199},"19":{"loc":{"start":{"line":199,"column":12},"end":{"line":199,"column":51}},"type":"binary-expr","locations":[{"start":{"line":199,"column":12},"end":{"line":199,"column":30}},{"start":{"line":199,"column":30},"end":{"line":199,"column":51}}],"line":199},"20":{"loc":{"start":{"line":202,"column":8},"end":{"line":204,"column":null}},"type":"if","locations":[{"start":{"line":202,"column":8},"end":{"line":204,"column":null}},{"start":{},"end":{}}],"line":202},"21":{"loc":{"start":{"line":202,"column":12},"end":{"line":202,"column":56}},"type":"binary-expr","locations":[{"start":{"line":202,"column":12},"end":{"line":202,"column":41}},{"start":{"line":202,"column":41},"end":{"line":202,"column":56}}],"line":202},"22":{"loc":{"start":{"line":205,"column":8},"end":{"line":207,"column":null}},"type":"if","locations":[{"start":{"line":205,"column":8},"end":{"line":207,"column":null}},{"start":{},"end":{}}],"line":205},"23":{"loc":{"start":{"line":205,"column":12},"end":{"line":205,"column":56}},"type":"binary-expr","locations":[{"start":{"line":205,"column":12},"end":{"line":205,"column":36}},{"start":{"line":205,"column":36},"end":{"line":205,"column":56}}],"line":205},"24":{"loc":{"start":{"line":216,"column":12},"end":{"line":218,"column":null}},"type":"binary-expr","locations":[{"start":{"line":216,"column":12},"end":{"line":216,"column":null}},{"start":{"line":217,"column":12},"end":{"line":217,"column":null}},{"start":{"line":218,"column":12},"end":{"line":218,"column":null}}],"line":216},"25":{"loc":{"start":{"line":232,"column":12},"end":{"line":234,"column":null}},"type":"if","locations":[{"start":{"line":232,"column":12},"end":{"line":234,"column":null}},{"start":{},"end":{}}],"line":232},"26":{"loc":{"start":{"line":244,"column":15},"end":{"line":244,"column":null}},"type":"binary-expr","locations":[{"start":{"line":244,"column":15},"end":{"line":244,"column":27}},{"start":{"line":244,"column":27},"end":{"line":244,"column":null}}],"line":244},"27":{"loc":{"start":{"line":272,"column":11},"end":{"line":272,"column":null}},"type":"cond-expr","locations":[{"start":{"line":272,"column":40},"end":{"line":272,"column":49}},{"start":{"line":272,"column":49},"end":{"line":272,"column":null}}],"line":272}},"s":{"0":2,"1":24,"2":3,"3":3,"4":14,"5":4,"6":4,"7":2,"8":6,"9":3,"10":3,"11":3,"12":2,"13":2,"14":8,"15":8,"16":3,"17":3,"18":2,"19":18,"20":6,"21":6,"22":2,"23":2,"24":2,"25":2,"26":2,"27":2,"28":2,"29":2,"30":2,"31":9,"32":2,"33":7,"34":2,"35":5,"36":1,"37":4,"38":3,"39":2,"40":3,"41":6,"42":2,"43":1,"44":2,"45":4,"46":2,"47":2,"48":2,"49":2,"50":2,"51":17},"f":{"0":24,"1":3,"2":3,"3":14,"4":4,"5":6,"6":3,"7":3,"8":3,"9":2,"10":8,"11":3,"12":18,"13":6,"14":2,"15":2,"16":2,"17":9,"18":3,"19":3,"20":2,"21":4,"22":2,"23":17},"b":{"0":[24,8],"1":[3,1],"2":[3,1],"3":[14,4],"4":[4,1],"5":[4,1],"6":[6,4],"7":[3,1],"8":[3,1],"9":[3,2],"10":[2,1],"11":[8,4],"12":[3,1],"13":[18,5],"14":[6,2],"15":[2,1],"16":[2,1],"17":[2,2,1],"18":[2,7],"19":[9,8],"20":[2,5],"21":[7,3],"22":[1,4],"23":[5,2],"24":[3,2,1],"25":[2,4],"26":[2,1],"27":[4,13]},"meta":{"lastBranch":28,"lastFunction":24,"lastStatement":52,"seen":{"s:27:32:69:Infinity":0,"f:31:14:31:15":0,"s:32:8:32:Infinity":1,"b:32:15:32:28:32:28:32:Infinity":0,"f:38:9:38:10":1,"s:39:8:39:Infinity":2,"b:39:15:39:31:39:31:39:Infinity":1,"f:45:9:45:10":2,"s:46:8:46:Infinity":3,"b:46:15:46:31:46:31:46:Infinity":2,"f:52:19:52:Infinity":3,"s:56:8:58:Infinity":4,"b:57:12:57:Infinity:58:12:58:Infinity":3,"f:65:19:65:20":4,"s:66:25:66:Infinity":5,"b:66:25:66:67:66:67:66:Infinity":4,"s:67:8:67:Infinity":6,"b:67:15:67:32:67:32:67:Infinity":5,"s:74:32:109:Infinity":7,"f:78:14:78:15":5,"s:79:8:79:Infinity":8,"b:79:15:79:33:79:33:79:Infinity":6,"f:85:15:85:16":6,"s:86:8:86:Infinity":9,"b:86:15:86:38:86:38:86:Infinity":7,"f:92:15:92:16":7,"s:93:8:93:Infinity":10,"b:93:15:93:38:93:38:93:Infinity":8,"f:99:17:99:18":8,"s:100:8:100:Infinity":11,"b:100:15:100:42:100:42:100:Infinity":9,"f:106:13:106:14":9,"s:107:8:107:Infinity":12,"b:107:15:107:38:107:38:107:Infinity":10,"s:114:31:133:Infinity":13,"f:118:12:118:13":10,"s:119:29:119:Infinity":14,"s:120:8:120:Infinity":15,"b:120:15:120:43:120:43:120:Infinity":11,"f:126:12:126:13":11,"s:127:23:127:Infinity":16,"s:128:8:130:Infinity":17,"b:129:12:129:Infinity:130:12:130:Infinity":12,"s:138:35:156:Infinity":18,"f:142:14:142:15":12,"s:143:8:143:Infinity":19,"b:143:15:143:33:143:33:143:Infinity":13,"f:149:12:149:13":13,"s:150:33:150:Infinity":20,"s:151:8:153:Infinity":21,"b:152:12:152:Infinity:153:12:153:Infinity":14,"s:161:30:189:Infinity":22,"f:165:13:165:14":14,"s:166:20:166:Infinity":23,"s:167:8:167:Infinity":24,"s:168:8:168:Infinity":25,"b:168:15:168:31:168:31:168:Infinity":15,"f:174:15:174:16":15,"s:175:20:175:Infinity":26,"s:176:8:176:Infinity":27,"s:177:8:177:Infinity":28,"b:177:15:177:31:177:31:177:Infinity":16,"f:183:11:183:12":16,"s:184:8:186:Infinity":29,"b:185:13:185:29:185:29:185:Infinity:186:12:186:Infinity":17,"s:194:33:221:Infinity":30,"f:198:14:198:15":17,"b:199:8:201:Infinity:undefined:undefined:undefined:undefined":18,"s:199:8:201:Infinity":31,"b:199:12:199:30:199:30:199:51":19,"s:200:12:200:Infinity":32,"b:202:8:204:Infinity:undefined:undefined:undefined:undefined":20,"s:202:8:204:Infinity":33,"b:202:12:202:41:202:41:202:56":21,"s:203:12:203:Infinity":34,"b:205:8:207:Infinity:undefined:undefined:undefined:undefined":22,"s:205:8:207:Infinity":35,"b:205:12:205:36:205:36:205:56":23,"s:206:12:206:Infinity":36,"s:208:8:208:Infinity":37,"f:214:11:214:12":18,"s:215:8:218:Infinity":38,"b:216:12:216:Infinity:217:12:217:Infinity:218:12:218:Infinity":24,"s:226:24:246:Infinity":39,"f:230:9:230:13":19,"s:231:8:235:Infinity":40,"b:232:12:234:Infinity:undefined:undefined:undefined:undefined":25,"s:232:12:234:Infinity":41,"s:233:16:233:Infinity":42,"s:236:8:236:Infinity":43,"f:242:9:242:13":20,"s:243:25:243:Infinity":44,"f:243:42:243:43":21,"s:243:54:243:69":45,"s:244:8:244:Infinity":46,"b:244:15:244:27:244:27:244:Infinity":26,"s:251:26:259:Infinity":47,"s:264:23:266:Infinity":48,"f:264:23:264:24":22,"s:265:4:265:Infinity":49,"s:271:24:273:Infinity":50,"f:271:24:271:25":23,"s:272:4:272:Infinity":51,"b:272:40:272:49:272:49:272:Infinity":27}}}
}
