{"/Users/armando_reyes/Herd/qrmadearmando/resources/js/components/notification-bell.tsx": {"path":"/Users/armando_reyes/Herd/qrmadearmando/resources/js/components/notification-bell.tsx","statementMap":{"0":{"start":{"line":25,"column":4},"end":{"line":25,"column":null}},"1":{"start":{"line":26,"column":34},"end":{"line":26,"column":null}},"2":{"start":{"line":29,"column":4},"end":{"line":35,"column":null}},"3":{"start":{"line":30,"column":8},"end":{"line":34,"column":null}},"4":{"start":{"line":31,"column":12},"end":{"line":31,"column":null}},"5":{"start":{"line":32,"column":26},"end":{"line":32,"column":null}},"6":{"start":{"line":32,"column":43},"end":{"line":32,"column":64}},"7":{"start":{"line":33,"column":12},"end":{"line":33,"column":null}},"8":{"start":{"line":33,"column":25},"end":{"line":33,"column":null}},"9":{"start":{"line":37,"column":4},"end":{"line":39,"column":null}},"10":{"start":{"line":38,"column":8},"end":{"line":38,"column":null}},"11":{"start":{"line":41,"column":25},"end":{"line":51,"column":null}},"12":{"start":{"line":42,"column":8},"end":{"line":50,"column":null}},"13":{"start":{"line":43,"column":12},"end":{"line":47,"column":null}},"14":{"start":{"line":44,"column":16},"end":{"line":44,"column":null}},"15":{"start":{"line":46,"column":16},"end":{"line":46,"column":null}},"16":{"start":{"line":49,"column":12},"end":{"line":49,"column":null}},"17":{"start":{"line":54,"column":21},"end":{"line":54,"column":null}},"18":{"start":{"line":55,"column":4},"end":{"line":57,"column":null}},"19":{"start":{"line":56,"column":8},"end":{"line":56,"column":null}},"20":{"start":{"line":59,"column":24},"end":{"line":61,"column":null}},"21":{"start":{"line":63,"column":4},"end":{"line":101,"column":null}}},"fnMap":{"0":{"name":"NotificationBell","decl":{"start":{"line":17,"column":16},"end":{"line":17,"column":33}},"loc":{"start":{"line":17,"column":76},"end":{"line":103,"column":null}},"line":17},"1":{"name":"(anonymous_1)","decl":{"start":{"line":29,"column":14},"end":{"line":29,"column":20}},"loc":{"start":{"line":29,"column":20},"end":{"line":35,"column":7}},"line":29},"2":{"name":"(anonymous_2)","decl":{"start":{"line":32,"column":37},"end":{"line":32,"column":43}},"loc":{"start":{"line":32,"column":43},"end":{"line":32,"column":64}},"line":32},"3":{"name":"(anonymous_3)","decl":{"start":{"line":33,"column":19},"end":{"line":33,"column":25}},"loc":{"start":{"line":33,"column":25},"end":{"line":33,"column":null}},"line":33},"4":{"name":"(anonymous_4)","decl":{"start":{"line":41,"column":25},"end":{"line":41,"column":37}},"loc":{"start":{"line":41,"column":37},"end":{"line":51,"column":null}},"line":41}},"branchMap":{"0":{"loc":{"start":{"line":17,"column":35},"end":{"line":17,"column":50}},"type":"default-arg","locations":[{"start":{"line":17,"column":47},"end":{"line":17,"column":50}}],"line":17},"1":{"loc":{"start":{"line":30,"column":8},"end":{"line":34,"column":null}},"type":"if","locations":[{"start":{"line":30,"column":8},"end":{"line":34,"column":null}},{"start":{},"end":{}}],"line":30},"2":{"loc":{"start":{"line":37,"column":4},"end":{"line":39,"column":null}},"type":"if","locations":[{"start":{"line":37,"column":4},"end":{"line":39,"column":null}},{"start":{},"end":{}}],"line":37},"3":{"loc":{"start":{"line":43,"column":12},"end":{"line":47,"column":null}},"type":"if","locations":[{"start":{"line":43,"column":12},"end":{"line":47,"column":null}},{"start":{"line":45,"column":19},"end":{"line":47,"column":null}}],"line":43},"4":{"loc":{"start":{"line":55,"column":4},"end":{"line":57,"column":null}},"type":"if","locations":[{"start":{"line":55,"column":4},"end":{"line":57,"column":null}},{"start":{},"end":{}}],"line":55},"5":{"loc":{"start":{"line":56,"column":21},"end":{"line":56,"column":null}},"type":"cond-expr","locations":[{"start":{"line":56,"column":36},"end":{"line":56,"column":53}},{"start":{"line":56,"column":53},"end":{"line":56,"column":null}}],"line":56},"6":{"loc":{"start":{"line":59,"column":24},"end":{"line":61,"column":null}},"type":"cond-expr","locations":[{"start":{"line":60,"column":10},"end":{"line":60,"column":null}},{"start":{"line":61,"column":10},"end":{"line":61,"column":null}}],"line":59},"7":{"loc":{"start":{"line":84,"column":29},"end":{"line":85,"column":null}},"type":"binary-expr","locations":[{"start":{"line":84,"column":29},"end":{"line":84,"column":null}},{"start":{"line":85,"column":32},"end":{"line":85,"column":null}}],"line":84},"8":{"loc":{"start":{"line":96,"column":13},"end":{"line":99,"column":null}},"type":"binary-expr","locations":[{"start":{"line":96,"column":13},"end":{"line":96,"column":26}},{"start":{"line":96,"column":26},"end":{"line":96,"column":null}},{"start":{"line":97,"column":16},"end":{"line":99,"column":null}}],"line":96}},"s":{"0":21,"1":21,"2":21,"3":18,"4":2,"5":2,"6":0,"7":2,"8":2,"9":21,"10":1,"11":20,"12":0,"13":0,"14":0,"15":0,"16":0,"17":20,"18":20,"19":17,"20":20,"21":21},"f":{"0":21,"1":18,"2":0,"3":2,"4":0},"b":{"0":[21],"1":[2,16],"2":[1,20],"3":[0,0],"4":[17,3],"5":[4,13],"6":[4,16],"7":[21,3],"8":[21,2,2]},"meta":{"lastBranch":9,"lastFunction":5,"lastStatement":22,"seen":{"f:17:16:17:33":0,"b:17:47:17:50":0,"s:25:4:25:Infinity":0,"s:26:34:26:Infinity":1,"s:29:4:35:Infinity":2,"f:29:14:29:20":1,"b:30:8:34:Infinity:undefined:undefined:undefined:undefined":1,"s:30:8:34:Infinity":3,"s:31:12:31:Infinity":4,"s:32:26:32:Infinity":5,"f:32:37:32:43":2,"s:32:43:32:64":6,"s:33:12:33:Infinity":7,"f:33:19:33:25":3,"s:33:25:33:Infinity":8,"b:37:4:39:Infinity:undefined:undefined:undefined:undefined":2,"s:37:4:39:Infinity":9,"s:38:8:38:Infinity":10,"s:41:25:51:Infinity":11,"f:41:25:41:37":4,"s:42:8:50:Infinity":12,"b:43:12:47:Infinity:45:19:47:Infinity":3,"s:43:12:47:Infinity":13,"s:44:16:44:Infinity":14,"s:46:16:46:Infinity":15,"s:49:12:49:Infinity":16,"s:54:21:54:Infinity":17,"b:55:4:57:Infinity:undefined:undefined:undefined:undefined":4,"s:55:4:57:Infinity":18,"s:56:8:56:Infinity":19,"b:56:36:56:53:56:53:56:Infinity":5,"s:59:24:61:Infinity":20,"b:60:10:60:Infinity:61:10:61:Infinity":6,"s:63:4:101:Infinity":21,"b:84:29:84:Infinity:85:32:85:Infinity":7,"b:96:13:96:26:96:26:96:Infinity:97:16:99:Infinity":8}}}
,"/Users/armando_reyes/Herd/qrmadearmando/resources/js/hooks/use-push-notifications.ts": {"path":"/Users/armando_reyes/Herd/qrmadearmando/resources/js/hooks/use-push-notifications.ts","statementMap":{"0":{"start":{"line":14,"column":20},"end":{"line":14,"column":null}},"1":{"start":{"line":15,"column":10},"end":{"line":17,"column":null}},"2":{"start":{"line":18,"column":20},"end":{"line":18,"column":null}},"3":{"start":{"line":19,"column":24},"end":{"line":19,"column":null}},"4":{"start":{"line":21,"column":4},"end":{"line":23,"column":null}},"5":{"start":{"line":21,"column":17},"end":{"line":21,"column":20}},"6":{"start":{"line":22,"column":8},"end":{"line":22,"column":null}},"7":{"start":{"line":25,"column":4},"end":{"line":25,"column":null}},"8":{"start":{"line":29,"column":40},"end":{"line":29,"column":null}},"9":{"start":{"line":30,"column":34},"end":{"line":30,"column":null}},"10":{"start":{"line":31,"column":26},"end":{"line":31,"column":null}},"11":{"start":{"line":32,"column":36},"end":{"line":33,"column":null}},"12":{"start":{"line":36,"column":8},"end":{"line":39,"column":null}},"13":{"start":{"line":42,"column":4},"end":{"line":68,"column":null}},"14":{"start":{"line":43,"column":8},"end":{"line":43,"column":null}},"15":{"start":{"line":43,"column":26},"end":{"line":43,"column":null}},"16":{"start":{"line":45,"column":39},"end":{"line":65,"column":null}},"17":{"start":{"line":46,"column":12},"end":{"line":64,"column":null}},"18":{"start":{"line":48,"column":37},"end":{"line":48,"column":null}},"19":{"start":{"line":50,"column":20},"end":{"line":50,"column":null}},"20":{"start":{"line":52,"column":16},"end":{"line":52,"column":null}},"21":{"start":{"line":53,"column":16},"end":{"line":53,"column":null}},"22":{"start":{"line":56,"column":41},"end":{"line":58,"column":null}},"23":{"start":{"line":59,"column":16},"end":{"line":61,"column":null}},"24":{"start":{"line":60,"column":20},"end":{"line":60,"column":null}},"25":{"start":{"line":63,"column":16},"end":{"line":63,"column":null}},"26":{"start":{"line":67,"column":8},"end":{"line":67,"column":null}},"27":{"start":{"line":70,"column":22},"end":{"line":186,"column":null}},"28":{"start":{"line":71,"column":8},"end":{"line":78,"column":null}},"29":{"start":{"line":72,"column":12},"end":{"line":76,"column":null}},"30":{"start":{"line":77,"column":12},"end":{"line":77,"column":null}},"31":{"start":{"line":80,"column":8},"end":{"line":80,"column":null}},"32":{"start":{"line":81,"column":8},"end":{"line":81,"column":null}},"33":{"start":{"line":83,"column":8},"end":{"line":185,"column":null}},"34":{"start":{"line":85,"column":31},"end":{"line":85,"column":null}},"35":{"start":{"line":86,"column":12},"end":{"line":86,"column":null}},"36":{"start":{"line":87,"column":12},"end":{"line":87,"column":null}},"37":{"start":{"line":89,"column":12},"end":{"line":93,"column":null}},"38":{"start":{"line":90,"column":16},"end":{"line":90,"column":null}},"39":{"start":{"line":91,"column":16},"end":{"line":91,"column":null}},"40":{"start":{"line":92,"column":16},"end":{"line":92,"column":null}},"41":{"start":{"line":96,"column":35},"end":{"line":96,"column":null}},"42":{"start":{"line":97,"column":12},"end":{"line":99,"column":null}},"43":{"start":{"line":98,"column":16},"end":{"line":98,"column":null}},"44":{"start":{"line":102,"column":33},"end":{"line":102,"column":null}},"45":{"start":{"line":105,"column":33},"end":{"line":110,"column":null}},"46":{"start":{"line":113,"column":27},"end":{"line":113,"column":null}},"47":{"start":{"line":114,"column":32},"end":{"line":114,"column":null}},"48":{"start":{"line":115,"column":27},"end":{"line":115,"column":null}},"49":{"start":{"line":117,"column":12},"end":{"line":176,"column":null}},"50":{"start":{"line":118,"column":16},"end":{"line":175,"column":null}},"51":{"start":{"line":119,"column":37},"end":{"line":151,"column":null}},"52":{"start":{"line":153,"column":20},"end":{"line":161,"column":null}},"53":{"start":{"line":154,"column":24},"end":{"line":159,"column":null}},"54":{"start":{"line":156,"column":28},"end":{"line":156,"column":null}},"55":{"start":{"line":157,"column":28},"end":{"line":157,"column":null}},"56":{"start":{"line":158,"column":28},"end":{"line":158,"column":null}},"57":{"start":{"line":160,"column":24},"end":{"line":160,"column":null}},"58":{"start":{"line":163,"column":20},"end":{"line":163,"column":null}},"59":{"start":{"line":164,"column":20},"end":{"line":164,"column":null}},"60":{"start":{"line":165,"column":20},"end":{"line":165,"column":null}},"61":{"start":{"line":167,"column":20},"end":{"line":167,"column":null}},"62":{"start":{"line":168,"column":20},"end":{"line":174,"column":null}},"63":{"start":{"line":169,"column":24},"end":{"line":171,"column":null}},"64":{"start":{"line":170,"column":28},"end":{"line":170,"column":null}},"65":{"start":{"line":173,"column":24},"end":{"line":173,"column":null}},"66":{"start":{"line":179,"column":16},"end":{"line":181,"column":null}},"67":{"start":{"line":182,"column":12},"end":{"line":182,"column":null}},"68":{"start":{"line":183,"column":12},"end":{"line":183,"column":null}},"69":{"start":{"line":184,"column":12},"end":{"line":184,"column":null}},"70":{"start":{"line":188,"column":24},"end":{"line":244,"column":null}},"71":{"start":{"line":189,"column":8},"end":{"line":196,"column":null}},"72":{"start":{"line":190,"column":12},"end":{"line":194,"column":null}},"73":{"start":{"line":195,"column":12},"end":{"line":195,"column":null}},"74":{"start":{"line":198,"column":8},"end":{"line":198,"column":null}},"75":{"start":{"line":199,"column":8},"end":{"line":199,"column":null}},"76":{"start":{"line":201,"column":8},"end":{"line":243,"column":null}},"77":{"start":{"line":203,"column":33},"end":{"line":203,"column":null}},"78":{"start":{"line":205,"column":16},"end":{"line":205,"column":null}},"79":{"start":{"line":207,"column":12},"end":{"line":211,"column":null}},"80":{"start":{"line":208,"column":16},"end":{"line":208,"column":null}},"81":{"start":{"line":209,"column":16},"end":{"line":209,"column":null}},"82":{"start":{"line":210,"column":16},"end":{"line":210,"column":null}},"83":{"start":{"line":214,"column":29},"end":{"line":224,"column":null}},"84":{"start":{"line":226,"column":12},"end":{"line":228,"column":null}},"85":{"start":{"line":227,"column":16},"end":{"line":227,"column":null}},"86":{"start":{"line":231,"column":12},"end":{"line":231,"column":null}},"87":{"start":{"line":232,"column":12},"end":{"line":232,"column":null}},"88":{"start":{"line":233,"column":12},"end":{"line":233,"column":null}},"89":{"start":{"line":236,"column":16},"end":{"line":240,"column":null}},"90":{"start":{"line":241,"column":12},"end":{"line":241,"column":null}},"91":{"start":{"line":242,"column":12},"end":{"line":242,"column":null}},"92":{"start":{"line":246,"column":4},"end":{"line":254,"column":null}}},"fnMap":{"0":{"name":"urlBase64ToUint8Array","decl":{"start":{"line":13,"column":9},"end":{"line":13,"column":31}},"loc":{"start":{"line":13,"column":65},"end":{"line":26,"column":null}},"line":13},"1":{"name":"usePushNotifications","decl":{"start":{"line":28,"column":16},"end":{"line":28,"column":67}},"loc":{"start":{"line":28,"column":67},"end":{"line":255,"column":null}},"line":28},"2":{"name":"(anonymous_2)","decl":{"start":{"line":42,"column":14},"end":{"line":42,"column":20}},"loc":{"start":{"line":42,"column":20},"end":{"line":68,"column":7}},"line":42},"3":{"name":"(anonymous_3)","decl":{"start":{"line":45,"column":39},"end":{"line":45,"column":51}},"loc":{"start":{"line":45,"column":51},"end":{"line":65,"column":null}},"line":45},"4":{"name":"(anonymous_4)","decl":{"start":{"line":70,"column":22},"end":{"line":70,"column":34}},"loc":{"start":{"line":70,"column":34},"end":{"line":186,"column":null}},"line":70},"5":{"name":"(anonymous_5)","decl":{"start":{"line":169,"column":42},"end":{"line":169,"column":43}},"loc":{"start":{"line":170,"column":28},"end":{"line":170,"column":null}},"line":170},"6":{"name":"(anonymous_6)","decl":{"start":{"line":188,"column":24},"end":{"line":188,"column":36}},"loc":{"start":{"line":188,"column":36},"end":{"line":244,"column":null}},"line":188}},"branchMap":{"0":{"loc":{"start":{"line":36,"column":8},"end":{"line":39,"column":null}},"type":"binary-expr","locations":[{"start":{"line":36,"column":8},"end":{"line":36,"column":null}},{"start":{"line":37,"column":8},"end":{"line":37,"column":null}},{"start":{"line":38,"column":8},"end":{"line":38,"column":null}},{"start":{"line":39,"column":8},"end":{"line":39,"column":null}}],"line":36},"1":{"loc":{"start":{"line":43,"column":8},"end":{"line":43,"column":null}},"type":"if","locations":[{"start":{"line":43,"column":8},"end":{"line":43,"column":null}},{"start":{},"end":{}}],"line":43},"2":{"loc":{"start":{"line":59,"column":16},"end":{"line":61,"column":null}},"type":"if","locations":[{"start":{"line":59,"column":16},"end":{"line":61,"column":null}},{"start":{},"end":{}}],"line":59},"3":{"loc":{"start":{"line":71,"column":8},"end":{"line":78,"column":null}},"type":"if","locations":[{"start":{"line":71,"column":8},"end":{"line":78,"column":null}},{"start":{},"end":{}}],"line":71},"4":{"loc":{"start":{"line":89,"column":12},"end":{"line":93,"column":null}},"type":"if","locations":[{"start":{"line":89,"column":12},"end":{"line":93,"column":null}},{"start":{},"end":{}}],"line":89},"5":{"loc":{"start":{"line":97,"column":12},"end":{"line":99,"column":null}},"type":"if","locations":[{"start":{"line":97,"column":12},"end":{"line":99,"column":null}},{"start":{},"end":{}}],"line":97},"6":{"loc":{"start":{"line":128,"column":39},"end":{"line":138,"column":null}},"type":"cond-expr","locations":[{"start":{"line":129,"column":34},"end":{"line":137,"column":null}},{"start":{"line":138,"column":34},"end":{"line":138,"column":null}}],"line":128},"7":{"loc":{"start":{"line":133,"column":46},"end":{"line":134,"column":null}},"type":"binary-expr","locations":[{"start":{"line":133,"column":46},"end":{"line":133,"column":null}},{"start":{"line":134,"column":50},"end":{"line":134,"column":null}}],"line":133},"8":{"loc":{"start":{"line":139,"column":39},"end":{"line":149,"column":null}},"type":"cond-expr","locations":[{"start":{"line":140,"column":34},"end":{"line":148,"column":null}},{"start":{"line":149,"column":34},"end":{"line":149,"column":null}}],"line":139},"9":{"loc":{"start":{"line":144,"column":46},"end":{"line":145,"column":null}},"type":"binary-expr","locations":[{"start":{"line":144,"column":46},"end":{"line":144,"column":null}},{"start":{"line":145,"column":50},"end":{"line":145,"column":null}}],"line":144},"10":{"loc":{"start":{"line":153,"column":20},"end":{"line":161,"column":null}},"type":"if","locations":[{"start":{"line":153,"column":20},"end":{"line":161,"column":null}},{"start":{},"end":{}}],"line":153},"11":{"loc":{"start":{"line":154,"column":24},"end":{"line":159,"column":null}},"type":"if","locations":[{"start":{"line":154,"column":24},"end":{"line":159,"column":null}},{"start":{},"end":{}}],"line":154},"12":{"loc":{"start":{"line":168,"column":20},"end":{"line":174,"column":null}},"type":"if","locations":[{"start":{"line":168,"column":20},"end":{"line":174,"column":null}},{"start":{"line":172,"column":27},"end":{"line":174,"column":null}}],"line":168},"13":{"loc":{"start":{"line":179,"column":16},"end":{"line":181,"column":null}},"type":"cond-expr","locations":[{"start":{"line":180,"column":22},"end":{"line":180,"column":null}},{"start":{"line":181,"column":22},"end":{"line":181,"column":null}}],"line":179},"14":{"loc":{"start":{"line":189,"column":8},"end":{"line":196,"column":null}},"type":"if","locations":[{"start":{"line":189,"column":8},"end":{"line":196,"column":null}},{"start":{},"end":{}}],"line":189},"15":{"loc":{"start":{"line":207,"column":12},"end":{"line":211,"column":null}},"type":"if","locations":[{"start":{"line":207,"column":12},"end":{"line":211,"column":null}},{"start":{},"end":{}}],"line":207},"16":{"loc":{"start":{"line":226,"column":12},"end":{"line":228,"column":null}},"type":"if","locations":[{"start":{"line":226,"column":12},"end":{"line":228,"column":null}},{"start":{},"end":{}}],"line":226},"17":{"loc":{"start":{"line":226,"column":16},"end":{"line":226,"column":57}},"type":"binary-expr","locations":[{"start":{"line":226,"column":16},"end":{"line":226,"column":32}},{"start":{"line":226,"column":32},"end":{"line":226,"column":57}}],"line":226},"18":{"loc":{"start":{"line":236,"column":16},"end":{"line":240,"column":null}},"type":"cond-expr","locations":[{"start":{"line":237,"column":22},"end":{"line":237,"column":null}},{"start":{"line":238,"column":22},"end":{"line":240,"column":null}}],"line":236}},"s":{"0":2,"1":2,"2":2,"3":2,"4":2,"5":2,"6":130,"7":2,"8":28,"9":28,"10":28,"11":28,"12":28,"13":28,"14":16,"15":4,"16":12,"17":12,"18":12,"19":12,"20":12,"21":12,"22":12,"23":12,"24":7,"25":0,"26":12,"27":28,"28":8,"29":2,"30":2,"31":6,"32":6,"33":6,"34":6,"35":6,"36":6,"37":6,"38":4,"39":4,"40":4,"41":2,"42":8,"43":0,"44":2,"45":2,"46":2,"47":2,"48":2,"49":2,"50":4,"51":4,"52":1,"53":0,"54":0,"55":0,"56":0,"57":0,"58":1,"59":1,"60":1,"61":3,"62":3,"63":2,"64":2,"65":1,"66":1,"67":1,"68":1,"69":1,"70":28,"71":3,"72":1,"73":1,"74":2,"75":2,"76":2,"77":2,"78":2,"79":2,"80":2,"81":2,"82":2,"83":0,"84":0,"85":0,"86":0,"87":0,"88":0,"89":0,"90":0,"91":0,"92":28},"f":{"0":2,"1":28,"2":16,"3":12,"4":8,"5":2,"6":3},"b":{"0":[28,28,28,21],"1":[4,12],"2":[7,5],"3":[2,6],"4":[4,2],"5":[0,8],"6":[4,0],"7":[4,0],"8":[4,0],"9":[4,0],"10":[0,1],"11":[0,0],"12":[2,1],"13":[1,0],"14":[1,2],"15":[2,0],"16":[0,0],"17":[0,0],"18":[0,0]},"meta":{"lastBranch":19,"lastFunction":7,"lastStatement":93,"seen":{"f:13:9:13:31":0,"s:14:20:14:Infinity":0,"s:15:10:17:Infinity":1,"s:18:20:18:Infinity":2,"s:19:24:19:Infinity":3,"s:21:4:23:Infinity":4,"s:21:17:21:20":5,"s:22:8:22:Infinity":6,"s:25:4:25:Infinity":7,"f:28:16:28:67":1,"s:29:40:29:Infinity":8,"s:30:34:30:Infinity":9,"s:31:26:31:Infinity":10,"s:32:36:33:Infinity":11,"s:36:8:39:Infinity":12,"b:36:8:36:Infinity:37:8:37:Infinity:38:8:38:Infinity:39:8:39:Infinity":0,"s:42:4:68:Infinity":13,"f:42:14:42:20":2,"b:43:8:43:Infinity:undefined:undefined:undefined:undefined":1,"s:43:8:43:Infinity":14,"s:43:26:43:Infinity":15,"s:45:39:65:Infinity":16,"f:45:39:45:51":3,"s:46:12:64:Infinity":17,"s:48:37:48:Infinity":18,"s:50:20:50:Infinity":19,"s:52:16:52:Infinity":20,"s:53:16:53:Infinity":21,"s:56:41:58:Infinity":22,"b:59:16:61:Infinity:undefined:undefined:undefined:undefined":2,"s:59:16:61:Infinity":23,"s:60:20:60:Infinity":24,"s:63:16:63:Infinity":25,"s:67:8:67:Infinity":26,"s:70:22:186:Infinity":27,"f:70:22:70:34":4,"b:71:8:78:Infinity:undefined:undefined:undefined:undefined":3,"s:71:8:78:Infinity":28,"s:72:12:76:Infinity":29,"s:77:12:77:Infinity":30,"s:80:8:80:Infinity":31,"s:81:8:81:Infinity":32,"s:83:8:185:Infinity":33,"s:85:31:85:Infinity":34,"s:86:12:86:Infinity":35,"s:87:12:87:Infinity":36,"b:89:12:93:Infinity:undefined:undefined:undefined:undefined":4,"s:89:12:93:Infinity":37,"s:90:16:90:Infinity":38,"s:91:16:91:Infinity":39,"s:92:16:92:Infinity":40,"s:96:35:96:Infinity":41,"b:97:12:99:Infinity:undefined:undefined:undefined:undefined":5,"s:97:12:99:Infinity":42,"s:98:16:98:Infinity":43,"s:102:33:102:Infinity":44,"s:105:33:110:Infinity":45,"s:113:27:113:Infinity":46,"s:114:32:114:Infinity":47,"s:115:27:115:Infinity":48,"s:117:12:176:Infinity":49,"s:118:16:175:Infinity":50,"s:119:37:151:Infinity":51,"b:129:34:137:Infinity:138:34:138:Infinity":6,"b:133:46:133:Infinity:134:50:134:Infinity":7,"b:140:34:148:Infinity:149:34:149:Infinity":8,"b:144:46:144:Infinity:145:50:145:Infinity":9,"b:153:20:161:Infinity:undefined:undefined:undefined:undefined":10,"s:153:20:161:Infinity":52,"b:154:24:159:Infinity:undefined:undefined:undefined:undefined":11,"s:154:24:159:Infinity":53,"s:156:28:156:Infinity":54,"s:157:28:157:Infinity":55,"s:158:28:158:Infinity":56,"s:160:24:160:Infinity":57,"s:163:20:163:Infinity":58,"s:164:20:164:Infinity":59,"s:165:20:165:Infinity":60,"s:167:20:167:Infinity":61,"b:168:20:174:Infinity:172:27:174:Infinity":12,"s:168:20:174:Infinity":62,"s:169:24:171:Infinity":63,"f:169:42:169:43":5,"s:170:28:170:Infinity":64,"s:173:24:173:Infinity":65,"s:179:16:181:Infinity":66,"b:180:22:180:Infinity:181:22:181:Infinity":13,"s:182:12:182:Infinity":67,"s:183:12:183:Infinity":68,"s:184:12:184:Infinity":69,"s:188:24:244:Infinity":70,"f:188:24:188:36":6,"b:189:8:196:Infinity:undefined:undefined:undefined:undefined":14,"s:189:8:196:Infinity":71,"s:190:12:194:Infinity":72,"s:195:12:195:Infinity":73,"s:198:8:198:Infinity":74,"s:199:8:199:Infinity":75,"s:201:8:243:Infinity":76,"s:203:33:203:Infinity":77,"s:205:16:205:Infinity":78,"b:207:12:211:Infinity:undefined:undefined:undefined:undefined":15,"s:207:12:211:Infinity":79,"s:208:16:208:Infinity":80,"s:209:16:209:Infinity":81,"s:210:16:210:Infinity":82,"s:214:29:224:Infinity":83,"b:226:12:228:Infinity:undefined:undefined:undefined:undefined":16,"s:226:12:228:Infinity":84,"b:226:16:226:32:226:32:226:57":17,"s:227:16:227:Infinity":85,"s:231:12:231:Infinity":86,"s:232:12:232:Infinity":87,"s:233:12:233:Infinity":88,"s:236:16:240:Infinity":89,"b:237:22:237:Infinity:238:22:240:Infinity":18,"s:241:12:241:Infinity":90,"s:242:12:242:Infinity":91,"s:246:4:254:Infinity":92}}}
,"/Users/armando_reyes/Herd/qrmadearmando/resources/js/hooks/use-pwa-install.ts": {"path":"/Users/armando_reyes/Herd/qrmadearmando/resources/js/hooks/use-pwa-install.ts","statementMap":{"0":{"start":{"line":16,"column":22},"end":{"line":16,"column":null}},"1":{"start":{"line":17,"column":27},"end":{"line":17,"column":null}},"2":{"start":{"line":20,"column":36},"end":{"line":20,"column":null}},"3":{"start":{"line":21,"column":38},"end":{"line":21,"column":null}},"4":{"start":{"line":22,"column":44},"end":{"line":23,"column":null}},"5":{"start":{"line":26,"column":8},"end":{"line":26,"column":null}},"6":{"start":{"line":29,"column":24},"end":{"line":37,"column":null}},"7":{"start":{"line":30,"column":35},"end":{"line":30,"column":null}},"8":{"start":{"line":31,"column":8},"end":{"line":31,"column":null}},"9":{"start":{"line":31,"column":33},"end":{"line":31,"column":null}},"10":{"start":{"line":33,"column":20},"end":{"line":33,"column":null}},"11":{"start":{"line":34,"column":30},"end":{"line":34,"column":null}},"12":{"start":{"line":36,"column":8},"end":{"line":36,"column":null}},"13":{"start":{"line":40,"column":27},"end":{"line":47,"column":null}},"14":{"start":{"line":41,"column":8},"end":{"line":41,"column":null}},"15":{"start":{"line":41,"column":43},"end":{"line":41,"column":null}},"16":{"start":{"line":43,"column":8},"end":{"line":45,"column":null}},"17":{"start":{"line":50,"column":4},"end":{"line":85,"column":null}},"18":{"start":{"line":51,"column":8},"end":{"line":51,"column":null}},"19":{"start":{"line":51,"column":26},"end":{"line":51,"column":null}},"20":{"start":{"line":53,"column":8},"end":{"line":53,"column":null}},"21":{"start":{"line":56,"column":42},"end":{"line":64,"column":null}},"22":{"start":{"line":57,"column":12},"end":{"line":57,"column":null}},"23":{"start":{"line":58,"column":12},"end":{"line":58,"column":null}},"24":{"start":{"line":61,"column":12},"end":{"line":63,"column":null}},"25":{"start":{"line":62,"column":16},"end":{"line":62,"column":null}},"26":{"start":{"line":67,"column":35},"end":{"line":70,"column":null}},"27":{"start":{"line":68,"column":12},"end":{"line":68,"column":null}},"28":{"start":{"line":69,"column":12},"end":{"line":69,"column":null}},"29":{"start":{"line":72,"column":8},"end":{"line":75,"column":null}},"30":{"start":{"line":76,"column":8},"end":{"line":76,"column":null}},"31":{"start":{"line":78,"column":8},"end":{"line":84,"column":null}},"32":{"start":{"line":79,"column":12},"end":{"line":82,"column":null}},"33":{"start":{"line":83,"column":12},"end":{"line":83,"column":null}},"34":{"start":{"line":87,"column":20},"end":{"line":114,"column":null}},"35":{"start":{"line":88,"column":8},"end":{"line":90,"column":null}},"36":{"start":{"line":89,"column":12},"end":{"line":89,"column":null}},"37":{"start":{"line":92,"column":8},"end":{"line":113,"column":null}},"38":{"start":{"line":94,"column":12},"end":{"line":94,"column":null}},"39":{"start":{"line":97,"column":32},"end":{"line":97,"column":null}},"40":{"start":{"line":99,"column":12},"end":{"line":106,"column":null}},"41":{"start":{"line":100,"column":16},"end":{"line":100,"column":null}},"42":{"start":{"line":101,"column":16},"end":{"line":101,"column":null}},"43":{"start":{"line":104,"column":16},"end":{"line":104,"column":null}},"44":{"start":{"line":105,"column":16},"end":{"line":105,"column":null}},"45":{"start":{"line":109,"column":12},"end":{"line":109,"column":null}},"46":{"start":{"line":111,"column":12},"end":{"line":111,"column":null}},"47":{"start":{"line":112,"column":12},"end":{"line":112,"column":null}},"48":{"start":{"line":116,"column":20},"end":{"line":119,"column":null}},"49":{"start":{"line":117,"column":8},"end":{"line":117,"column":null}},"50":{"start":{"line":118,"column":8},"end":{"line":118,"column":null}},"51":{"start":{"line":121,"column":4},"end":{"line":127,"column":null}}},"fnMap":{"0":{"name":"usePwaInstall","decl":{"start":{"line":19,"column":16},"end":{"line":19,"column":53}},"loc":{"start":{"line":19,"column":53},"end":{"line":128,"column":null}},"line":19},"1":{"name":"(anonymous_1)","decl":{"start":{"line":29,"column":24},"end":{"line":29,"column":39}},"loc":{"start":{"line":29,"column":39},"end":{"line":37,"column":null}},"line":29},"2":{"name":"(anonymous_2)","decl":{"start":{"line":40,"column":27},"end":{"line":40,"column":42}},"loc":{"start":{"line":40,"column":42},"end":{"line":47,"column":null}},"line":40},"3":{"name":"(anonymous_3)","decl":{"start":{"line":50,"column":14},"end":{"line":50,"column":20}},"loc":{"start":{"line":50,"column":20},"end":{"line":85,"column":7}},"line":50},"4":{"name":"(anonymous_4)","decl":{"start":{"line":56,"column":42},"end":{"line":56,"column":43}},"loc":{"start":{"line":56,"column":60},"end":{"line":64,"column":null}},"line":56},"5":{"name":"(anonymous_5)","decl":{"start":{"line":67,"column":35},"end":{"line":67,"column":41}},"loc":{"start":{"line":67,"column":41},"end":{"line":70,"column":null}},"line":67},"6":{"name":"(anonymous_6)","decl":{"start":{"line":78,"column":15},"end":{"line":78,"column":21}},"loc":{"start":{"line":78,"column":21},"end":{"line":84,"column":null}},"line":78},"7":{"name":"(anonymous_7)","decl":{"start":{"line":87,"column":20},"end":{"line":87,"column":32}},"loc":{"start":{"line":87,"column":32},"end":{"line":114,"column":null}},"line":87},"8":{"name":"(anonymous_8)","decl":{"start":{"line":116,"column":20},"end":{"line":116,"column":26}},"loc":{"start":{"line":116,"column":26},"end":{"line":119,"column":null}},"line":116}},"branchMap":{"0":{"loc":{"start":{"line":26,"column":8},"end":{"line":26,"column":null}},"type":"binary-expr","locations":[{"start":{"line":26,"column":8},"end":{"line":26,"column":41}},{"start":{"line":26,"column":41},"end":{"line":26,"column":null}}],"line":26},"1":{"loc":{"start":{"line":31,"column":8},"end":{"line":31,"column":null}},"type":"if","locations":[{"start":{"line":31,"column":8},"end":{"line":31,"column":null}},{"start":{},"end":{}}],"line":31},"2":{"loc":{"start":{"line":41,"column":8},"end":{"line":41,"column":null}},"type":"if","locations":[{"start":{"line":41,"column":8},"end":{"line":41,"column":null}},{"start":{},"end":{}}],"line":41},"3":{"loc":{"start":{"line":44,"column":12},"end":{"line":45,"column":null}},"type":"binary-expr","locations":[{"start":{"line":44,"column":12},"end":{"line":44,"column":null}},{"start":{"line":45,"column":13},"end":{"line":45,"column":null}}],"line":44},"4":{"loc":{"start":{"line":51,"column":8},"end":{"line":51,"column":null}},"type":"if","locations":[{"start":{"line":51,"column":8},"end":{"line":51,"column":null}},{"start":{},"end":{}}],"line":51},"5":{"loc":{"start":{"line":61,"column":12},"end":{"line":63,"column":null}},"type":"if","locations":[{"start":{"line":61,"column":12},"end":{"line":63,"column":null}},{"start":{},"end":{}}],"line":61},"6":{"loc":{"start":{"line":61,"column":16},"end":{"line":61,"column":53}},"type":"binary-expr","locations":[{"start":{"line":61,"column":16},"end":{"line":61,"column":34}},{"start":{"line":61,"column":34},"end":{"line":61,"column":53}}],"line":61},"7":{"loc":{"start":{"line":88,"column":8},"end":{"line":90,"column":null}},"type":"if","locations":[{"start":{"line":88,"column":8},"end":{"line":90,"column":null}},{"start":{},"end":{}}],"line":88},"8":{"loc":{"start":{"line":99,"column":12},"end":{"line":106,"column":null}},"type":"if","locations":[{"start":{"line":99,"column":12},"end":{"line":106,"column":null}},{"start":{"line":102,"column":19},"end":{"line":106,"column":null}}],"line":99},"9":{"loc":{"start":{"line":122,"column":20},"end":{"line":122,"column":null}},"type":"binary-expr","locations":[{"start":{"line":122,"column":20},"end":{"line":122,"column":34}},{"start":{"line":122,"column":34},"end":{"line":122,"column":52}},{"start":{"line":122,"column":52},"end":{"line":122,"column":null}}],"line":122}},"s":{"0":1,"1":1,"2":33,"3":33,"4":33,"5":33,"6":33,"7":15,"8":15,"9":11,"10":4,"11":4,"12":4,"13":33,"14":22,"15":0,"16":22,"17":33,"18":16,"19":1,"20":15,"21":15,"22":9,"23":9,"24":9,"25":6,"26":15,"27":1,"28":1,"29":15,"30":15,"31":15,"32":15,"33":15,"34":33,"35":4,"36":1,"37":3,"38":3,"39":3,"40":3,"41":2,"42":2,"43":1,"44":1,"45":3,"46":0,"47":0,"48":33,"49":3,"50":3,"51":33},"f":{"0":33,"1":15,"2":22,"3":16,"4":9,"5":1,"6":15,"7":4,"8":3},"b":{"0":[33,33],"1":[11,4],"2":[0,22],"3":[22,19],"4":[1,15],"5":[6,3],"6":[9,7],"7":[1,3],"8":[2,1],"9":[33,6,6]},"meta":{"lastBranch":10,"lastFunction":9,"lastStatement":52,"seen":{"s:16:22:16:Infinity":0,"s:17:27:17:Infinity":1,"f:19:16:19:53":0,"s:20:36:20:Infinity":2,"s:21:38:21:Infinity":3,"s:22:44:23:Infinity":4,"s:26:8:26:Infinity":5,"b:26:8:26:41:26:41:26:Infinity":0,"s:29:24:37:Infinity":6,"f:29:24:29:39":1,"s:30:35:30:Infinity":7,"b:31:8:31:Infinity:undefined:undefined:undefined:undefined":1,"s:31:8:31:Infinity":8,"s:31:33:31:Infinity":9,"s:33:20:33:Infinity":10,"s:34:30:34:Infinity":11,"s:36:8:36:Infinity":12,"s:40:27:47:Infinity":13,"f:40:27:40:42":2,"b:41:8:41:Infinity:undefined:undefined:undefined:undefined":2,"s:41:8:41:Infinity":14,"s:41:43:41:Infinity":15,"s:43:8:45:Infinity":16,"b:44:12:44:Infinity:45:13:45:Infinity":3,"s:50:4:85:Infinity":17,"f:50:14:50:20":3,"b:51:8:51:Infinity:undefined:undefined:undefined:undefined":4,"s:51:8:51:Infinity":18,"s:51:26:51:Infinity":19,"s:53:8:53:Infinity":20,"s:56:42:64:Infinity":21,"f:56:42:56:43":4,"s:57:12:57:Infinity":22,"s:58:12:58:Infinity":23,"b:61:12:63:Infinity:undefined:undefined:undefined:undefined":5,"s:61:12:63:Infinity":24,"b:61:16:61:34:61:34:61:53":6,"s:62:16:62:Infinity":25,"s:67:35:70:Infinity":26,"f:67:35:67:41":5,"s:68:12:68:Infinity":27,"s:69:12:69:Infinity":28,"s:72:8:75:Infinity":29,"s:76:8:76:Infinity":30,"s:78:8:84:Infinity":31,"f:78:15:78:21":6,"s:79:12:82:Infinity":32,"s:83:12:83:Infinity":33,"s:87:20:114:Infinity":34,"f:87:20:87:32":7,"b:88:8:90:Infinity:undefined:undefined:undefined:undefined":7,"s:88:8:90:Infinity":35,"s:89:12:89:Infinity":36,"s:92:8:113:Infinity":37,"s:94:12:94:Infinity":38,"s:97:32:97:Infinity":39,"b:99:12:106:Infinity:102:19:106:Infinity":8,"s:99:12:106:Infinity":40,"s:100:16:100:Infinity":41,"s:101:16:101:Infinity":42,"s:104:16:104:Infinity":43,"s:105:16:105:Infinity":44,"s:109:12:109:Infinity":45,"s:111:12:111:Infinity":46,"s:112:12:112:Infinity":47,"s:116:20:119:Infinity":48,"f:116:20:116:26":8,"s:117:8:117:Infinity":49,"s:118:8:118:Infinity":50,"s:121:4:127:Infinity":51,"b:122:20:122:34:122:34:122:52:122:52:122:Infinity":9}}}
}
